2022-07-14 12:23:18.0008||INFO|Microsoft.Hosting.Lifetime|Application started. Press Ctrl+C to shut down. 
2022-07-14 12:23:18.0765||INFO|Microsoft.Hosting.Lifetime|Hosting environment: Development 
2022-07-14 12:23:18.0956||INFO|Microsoft.Hosting.Lifetime|Content root path: C:\Users\elena\Desktop\PUSGS\ServerApp\ServerApp\APIGateway 
2022-07-14 12:23:18.5718||WARN|Ocelot.DownstreamRouteFinder.Middleware.DownstreamRouteFinderMiddleware|requestId: 80000056-0006-ff00-b63f-84710c7967bb, previousRequestId: no previous request id, message: DownstreamRouteFinderMiddleware setting pipeline errors. IDownstreamRouteFinder returned Error Code: UnableToFindDownstreamRouteError Message: Failed to match ReRoute configuration for upstream path: /swagger, verb: GET. 
2022-07-14 12:23:18.5888||WARN|Ocelot.DownstreamRouteFinder.Middleware.DownstreamRouteFinderMiddleware|requestId: 80000056-0006-ff00-b63f-84710c7967bb, previousRequestId: no previous request id, message: Failed to match ReRoute configuration for upstream path: /swagger, verb: GET. 
2022-07-14 12:23:18.6088||WARN|Ocelot.Responder.Middleware.ResponderMiddleware|requestId: 80000056-0006-ff00-b63f-84710c7967bb, previousRequestId: no previous request id, message: Error Code: UnableToFindDownstreamRouteError Message: Failed to match ReRoute configuration for upstream path: /swagger, verb: GET. errors found in ResponderMiddleware. Setting error response for request path:/swagger, request method: GET 
2022-07-14 12:24:41.2785||INFO|Ocelot.RateLimit.Middleware.ClientRateLimitMiddleware|requestId: 80000002-0000-fb00-b63f-84710c7967bb, previousRequestId: no previous request id, message: EndpointRateLimiting is not enabled for /api/users/LoginGoogle 
2022-07-14 12:24:41.3088||INFO|Ocelot.Authentication.Middleware.AuthenticationMiddleware|requestId: 80000002-0000-fb00-b63f-84710c7967bb, previousRequestId: no previous request id, message: No authentication needed for /api/users/LoginGoogle 
2022-07-14 12:24:41.3088||INFO|Ocelot.Authorisation.Middleware.AuthorisationMiddleware|requestId: 80000002-0000-fb00-b63f-84710c7967bb, previousRequestId: no previous request id, message: /api/users/LoginGoogle route does not require user to be authorised 
2022-07-14 12:24:47.8678||INFO|Ocelot.Requester.Middleware.HttpRequesterMiddleware|requestId: 80000002-0000-fb00-b63f-84710c7967bb, previousRequestId: no previous request id, message: 204 (No Content) status code, request uri: https://localhost:44305/api/users/LoginGoogle 
2022-07-14 12:24:54.2448||INFO|Ocelot.RateLimit.Middleware.ClientRateLimitMiddleware|requestId: 8000005c-0006-ff00-b63f-84710c7967bb, previousRequestId: no previous request id, message: EndpointRateLimiting is not enabled for /api/users/LoginGoogle 
2022-07-14 12:24:54.2448||INFO|Ocelot.RateLimit.Middleware.ClientRateLimitMiddleware|requestId: 8000000e-0004-ff00-b63f-84710c7967bb, previousRequestId: no previous request id, message: EndpointRateLimiting is not enabled for /api/users/LoginGoogle 
2022-07-14 12:24:54.2448||INFO|Ocelot.Authentication.Middleware.AuthenticationMiddleware|requestId: 8000005c-0006-ff00-b63f-84710c7967bb, previousRequestId: no previous request id, message: No authentication needed for /api/users/LoginGoogle 
2022-07-14 12:24:54.2448||INFO|Ocelot.Authentication.Middleware.AuthenticationMiddleware|requestId: 8000000e-0004-ff00-b63f-84710c7967bb, previousRequestId: no previous request id, message: No authentication needed for /api/users/LoginGoogle 
2022-07-14 12:24:54.2591||INFO|Ocelot.Authorisation.Middleware.AuthorisationMiddleware|requestId: 8000005c-0006-ff00-b63f-84710c7967bb, previousRequestId: no previous request id, message: /api/users/LoginGoogle route does not require user to be authorised 
2022-07-14 12:24:54.2591||INFO|Ocelot.Authorisation.Middleware.AuthorisationMiddleware|requestId: 8000000e-0004-ff00-b63f-84710c7967bb, previousRequestId: no previous request id, message: /api/users/LoginGoogle route does not require user to be authorised 
2022-07-14 12:24:54.3933||INFO|Ocelot.Requester.Middleware.HttpRequesterMiddleware|requestId: 8000005c-0006-ff00-b63f-84710c7967bb, previousRequestId: no previous request id, message: 204 (No Content) status code, request uri: https://localhost:44305/api/users/LoginGoogle 
2022-07-14 12:24:54.3974||INFO|Ocelot.Requester.Middleware.HttpRequesterMiddleware|requestId: 8000000e-0004-ff00-b63f-84710c7967bb, previousRequestId: no previous request id, message: 204 (No Content) status code, request uri: https://localhost:44305/api/users/LoginGoogle 
2022-07-14 12:25:19.7305||INFO|Ocelot.RateLimit.Middleware.ClientRateLimitMiddleware|requestId: 80000006-0003-fb00-b63f-84710c7967bb, previousRequestId: no previous request id, message: EndpointRateLimiting is not enabled for /api/users/login 
2022-07-14 12:25:19.7305||INFO|Ocelot.Authentication.Middleware.AuthenticationMiddleware|requestId: 80000006-0003-fb00-b63f-84710c7967bb, previousRequestId: no previous request id, message: No authentication needed for /api/users/login 
2022-07-14 12:25:19.7439||INFO|Ocelot.Authorisation.Middleware.AuthorisationMiddleware|requestId: 80000006-0003-fb00-b63f-84710c7967bb, previousRequestId: no previous request id, message: /api/users/login route does not require user to be authorised 
2022-07-14 12:25:19.9554||INFO|Ocelot.Requester.Middleware.HttpRequesterMiddleware|requestId: 80000006-0003-fb00-b63f-84710c7967bb, previousRequestId: no previous request id, message: 200 (OK) status code, request uri: https://localhost:44305/api/users/login 
2022-07-14 12:25:22.3894||INFO|Ocelot.RateLimit.Middleware.ClientRateLimitMiddleware|requestId: 80000004-0000-fb00-b63f-84710c7967bb, previousRequestId: no previous request id, message: EndpointRateLimiting is not enabled for /api/products 
2022-07-14 12:25:22.3894||INFO|Ocelot.Authentication.Middleware.AuthenticationMiddleware|requestId: 80000004-0000-fb00-b63f-84710c7967bb, previousRequestId: no previous request id, message: No authentication needed for /api/products 
2022-07-14 12:25:22.3894||INFO|Ocelot.Authorisation.Middleware.AuthorisationMiddleware|requestId: 80000004-0000-fb00-b63f-84710c7967bb, previousRequestId: no previous request id, message: /api/products route does not require user to be authorised 
2022-07-14 12:25:27.9140||INFO|Ocelot.Requester.Middleware.HttpRequesterMiddleware|requestId: 80000004-0000-fb00-b63f-84710c7967bb, previousRequestId: no previous request id, message: 200 (OK) status code, request uri: https://localhost:44343/api/products 
2022-07-14 12:25:47.6685||INFO|Ocelot.RateLimit.Middleware.ClientRateLimitMiddleware|requestId: 8000002b-0001-ff00-b63f-84710c7967bb, previousRequestId: no previous request id, message: EndpointRateLimiting is not enabled for /api/Order 
2022-07-14 12:25:47.6685||INFO|Ocelot.Authentication.Middleware.AuthenticationMiddleware|requestId: 8000002b-0001-ff00-b63f-84710c7967bb, previousRequestId: no previous request id, message: No authentication needed for /api/Order 
2022-07-14 12:25:47.6894||INFO|Ocelot.Authorisation.Middleware.AuthorisationMiddleware|requestId: 8000002b-0001-ff00-b63f-84710c7967bb, previousRequestId: no previous request id, message: /api/Order route does not require user to be authorised 
2022-07-14 12:25:48.6951||INFO|Ocelot.Requester.Middleware.HttpRequesterMiddleware|requestId: 8000002b-0001-ff00-b63f-84710c7967bb, previousRequestId: no previous request id, message: 200 (OK) status code, request uri: https://localhost:44343/api/Order 
2022-07-14 12:25:51.6101||INFO|Ocelot.RateLimit.Middleware.ClientRateLimitMiddleware|requestId: 80000006-0007-ff00-b63f-84710c7967bb, previousRequestId: no previous request id, message: EndpointRateLimiting is not enabled for /api/Order/currentOrder 
2022-07-14 12:25:51.6101||INFO|Ocelot.Authentication.Middleware.AuthenticationMiddleware|requestId: 80000006-0007-ff00-b63f-84710c7967bb, previousRequestId: no previous request id, message: No authentication needed for /api/Order/currentOrder 
2022-07-14 12:25:51.6172||INFO|Ocelot.Authorisation.Middleware.AuthorisationMiddleware|requestId: 80000006-0007-ff00-b63f-84710c7967bb, previousRequestId: no previous request id, message: /api/Order/currentOrder route does not require user to be authorised 
2022-07-14 12:25:51.9354||INFO|Ocelot.Requester.Middleware.HttpRequesterMiddleware|requestId: 80000006-0007-ff00-b63f-84710c7967bb, previousRequestId: no previous request id, message: 204 (No Content) status code, request uri: https://localhost:44343/api/Order/currentOrder 
2022-07-14 12:25:52.7317||INFO|Ocelot.RateLimit.Middleware.ClientRateLimitMiddleware|requestId: 80000012-0004-ff00-b63f-84710c7967bb, previousRequestId: no previous request id, message: EndpointRateLimiting is not enabled for /api/Order/history 
2022-07-14 12:25:52.7317||INFO|Ocelot.Authentication.Middleware.AuthenticationMiddleware|requestId: 80000012-0004-ff00-b63f-84710c7967bb, previousRequestId: no previous request id, message: No authentication needed for /api/Order/history 
2022-07-14 12:25:52.7415||INFO|Ocelot.Authorisation.Middleware.AuthorisationMiddleware|requestId: 80000012-0004-ff00-b63f-84710c7967bb, previousRequestId: no previous request id, message: /api/Order/history route does not require user to be authorised 
2022-07-14 12:25:52.8067||INFO|Ocelot.Requester.Middleware.HttpRequesterMiddleware|requestId: 80000012-0004-ff00-b63f-84710c7967bb, previousRequestId: no previous request id, message: 200 (OK) status code, request uri: https://localhost:44343/api/Order/history 
2022-07-14 12:25:52.8380||INFO|Ocelot.RateLimit.Middleware.ClientRateLimitMiddleware|requestId: 80000006-0000-fb00-b63f-84710c7967bb, previousRequestId: no previous request id, message: EndpointRateLimiting is not enabled for /api/users/{id} 
2022-07-14 12:25:52.8380||INFO|Ocelot.RateLimit.Middleware.ClientRateLimitMiddleware|requestId: 8000005e-0006-ff00-b63f-84710c7967bb, previousRequestId: no previous request id, message: EndpointRateLimiting is not enabled for /api/users/{id} 
2022-07-14 12:25:52.8380||INFO|Ocelot.Authentication.Middleware.AuthenticationMiddleware|requestId: 80000006-0000-fb00-b63f-84710c7967bb, previousRequestId: no previous request id, message: No authentication needed for /api/users/6 
2022-07-14 12:25:52.8587||INFO|Ocelot.Authentication.Middleware.AuthenticationMiddleware|requestId: 8000005e-0006-ff00-b63f-84710c7967bb, previousRequestId: no previous request id, message: No authentication needed for /api/users/5 
2022-07-14 12:25:52.8587||INFO|Ocelot.Authorisation.Middleware.AuthorisationMiddleware|requestId: 80000006-0000-fb00-b63f-84710c7967bb, previousRequestId: no previous request id, message: /api/users/{id} route does not require user to be authorised 
2022-07-14 12:25:52.8707||INFO|Ocelot.Authorisation.Middleware.AuthorisationMiddleware|requestId: 8000005e-0006-ff00-b63f-84710c7967bb, previousRequestId: no previous request id, message: /api/users/{id} route does not require user to be authorised 
2022-07-14 12:25:53.0864||INFO|Ocelot.Requester.Middleware.HttpRequesterMiddleware|requestId: 80000006-0000-fb00-b63f-84710c7967bb, previousRequestId: no previous request id, message: 200 (OK) status code, request uri: https://localhost:44305/api/users/6 
2022-07-14 12:25:53.0864||INFO|Ocelot.Requester.Middleware.HttpRequesterMiddleware|requestId: 8000005e-0006-ff00-b63f-84710c7967bb, previousRequestId: no previous request id, message: 200 (OK) status code, request uri: https://localhost:44305/api/users/5 
2022-07-14 12:25:53.1047||INFO|Ocelot.RateLimit.Middleware.ClientRateLimitMiddleware|requestId: 80000008-0000-fb00-b63f-84710c7967bb, previousRequestId: no previous request id, message: EndpointRateLimiting is not enabled for /api/users/{id} 
2022-07-14 12:25:53.1047||INFO|Ocelot.RateLimit.Middleware.ClientRateLimitMiddleware|requestId: 80000014-0002-fb00-b63f-84710c7967bb, previousRequestId: no previous request id, message: EndpointRateLimiting is not enabled for /api/users/{id} 
2022-07-14 12:25:53.1158||INFO|Ocelot.Authentication.Middleware.AuthenticationMiddleware|requestId: 80000008-0000-fb00-b63f-84710c7967bb, previousRequestId: no previous request id, message: No authentication needed for /api/users/5 
2022-07-14 12:25:53.1158||INFO|Ocelot.Authentication.Middleware.AuthenticationMiddleware|requestId: 80000014-0002-fb00-b63f-84710c7967bb, previousRequestId: no previous request id, message: No authentication needed for /api/users/6 
2022-07-14 12:25:53.1158||INFO|Ocelot.Authorisation.Middleware.AuthorisationMiddleware|requestId: 80000008-0000-fb00-b63f-84710c7967bb, previousRequestId: no previous request id, message: /api/users/{id} route does not require user to be authorised 
2022-07-14 12:25:53.1158||INFO|Ocelot.Authorisation.Middleware.AuthorisationMiddleware|requestId: 80000014-0002-fb00-b63f-84710c7967bb, previousRequestId: no previous request id, message: /api/users/{id} route does not require user to be authorised 
2022-07-14 12:25:53.1602||INFO|Ocelot.Requester.Middleware.HttpRequesterMiddleware|requestId: 80000014-0002-fb00-b63f-84710c7967bb, previousRequestId: no previous request id, message: 200 (OK) status code, request uri: https://localhost:44305/api/users/6 
2022-07-14 12:25:53.1656||INFO|Ocelot.Requester.Middleware.HttpRequesterMiddleware|requestId: 80000008-0000-fb00-b63f-84710c7967bb, previousRequestId: no previous request id, message: 200 (OK) status code, request uri: https://localhost:44305/api/users/5 
2022-07-14 12:25:55.7361||INFO|Ocelot.RateLimit.Middleware.ClientRateLimitMiddleware|requestId: 80000004-0006-f900-b63f-84710c7967bb, previousRequestId: no previous request id, message: EndpointRateLimiting is not enabled for /api/users/{id} 
2022-07-14 12:25:55.7429||INFO|Ocelot.Authentication.Middleware.AuthenticationMiddleware|requestId: 80000004-0006-f900-b63f-84710c7967bb, previousRequestId: no previous request id, message: No authentication needed for /api/users/image 
2022-07-14 12:25:55.7429||INFO|Ocelot.RateLimit.Middleware.ClientRateLimitMiddleware|requestId: 80000062-0006-ff00-b63f-84710c7967bb, previousRequestId: no previous request id, message: EndpointRateLimiting is not enabled for /api/users/{id} 
2022-07-14 12:25:55.7429||INFO|Ocelot.Authorisation.Middleware.AuthorisationMiddleware|requestId: 80000004-0006-f900-b63f-84710c7967bb, previousRequestId: no previous request id, message: /api/users/{id} route does not require user to be authorised 
2022-07-14 12:25:55.7429||INFO|Ocelot.Authentication.Middleware.AuthenticationMiddleware|requestId: 80000062-0006-ff00-b63f-84710c7967bb, previousRequestId: no previous request id, message: No authentication needed for /api/users/username/Milica00 
2022-07-14 12:25:55.7594||INFO|Ocelot.Authorisation.Middleware.AuthorisationMiddleware|requestId: 80000062-0006-ff00-b63f-84710c7967bb, previousRequestId: no previous request id, message: /api/users/{id} route does not require user to be authorised 
2022-07-14 12:25:55.8079||INFO|Ocelot.Requester.Middleware.HttpRequesterMiddleware|requestId: 80000062-0006-ff00-b63f-84710c7967bb, previousRequestId: no previous request id, message: 200 (OK) status code, request uri: https://localhost:44305/api/users/username/Milica00 
2022-07-14 12:25:56.0556||WARN|Ocelot.Requester.Middleware.HttpRequesterMiddleware|requestId: 80000004-0006-f900-b63f-84710c7967bb, previousRequestId: no previous request id, message: 500 (Internal Server Error) status code, request uri: https://localhost:44305/api/users/image 
2022-07-14 12:26:07.5745||INFO|Ocelot.RateLimit.Middleware.ClientRateLimitMiddleware|requestId: 80000008-0007-ff00-b63f-84710c7967bb, previousRequestId: no previous request id, message: EndpointRateLimiting is not enabled for /api/users/login 
2022-07-14 12:26:07.5745||INFO|Ocelot.Authentication.Middleware.AuthenticationMiddleware|requestId: 80000008-0007-ff00-b63f-84710c7967bb, previousRequestId: no previous request id, message: No authentication needed for /api/users/login 
2022-07-14 12:26:07.5884||INFO|Ocelot.Authorisation.Middleware.AuthorisationMiddleware|requestId: 80000008-0007-ff00-b63f-84710c7967bb, previousRequestId: no previous request id, message: /api/users/login route does not require user to be authorised 
2022-07-14 12:26:07.6167||INFO|Ocelot.Requester.Middleware.HttpRequesterMiddleware|requestId: 80000008-0007-ff00-b63f-84710c7967bb, previousRequestId: no previous request id, message: 200 (OK) status code, request uri: https://localhost:44305/api/users/login 
2022-07-14 12:26:09.3937||INFO|Ocelot.RateLimit.Middleware.ClientRateLimitMiddleware|requestId: 8000000a-0006-f900-b63f-84710c7967bb, previousRequestId: no previous request id, message: EndpointRateLimiting is not enabled for /api/Order/Undelivered 
2022-07-14 12:26:09.4022||INFO|Ocelot.Authentication.Middleware.AuthenticationMiddleware|requestId: 8000000a-0006-f900-b63f-84710c7967bb, previousRequestId: no previous request id, message: No authentication needed for /api/Order/Undelivered 
2022-07-14 12:26:09.4022||INFO|Ocelot.Authorisation.Middleware.AuthorisationMiddleware|requestId: 8000000a-0006-f900-b63f-84710c7967bb, previousRequestId: no previous request id, message: /api/Order/Undelivered route does not require user to be authorised 
2022-07-14 12:26:09.4956||INFO|Ocelot.Requester.Middleware.HttpRequesterMiddleware|requestId: 8000000a-0006-f900-b63f-84710c7967bb, previousRequestId: no previous request id, message: 200 (OK) status code, request uri: https://localhost:44343/api/Order/Undelivered 
2022-07-14 12:26:09.5759||INFO|Ocelot.RateLimit.Middleware.ClientRateLimitMiddleware|requestId: 80000010-0000-fb00-b63f-84710c7967bb, previousRequestId: no previous request id, message: EndpointRateLimiting is not enabled for /api/Order/historyDeliverer 
2022-07-14 12:26:09.5759||INFO|Ocelot.Authentication.Middleware.AuthenticationMiddleware|requestId: 80000010-0000-fb00-b63f-84710c7967bb, previousRequestId: no previous request id, message: No authentication needed for /api/Order/historyDeliverer 
2022-07-14 12:26:09.5873||INFO|Ocelot.Authorisation.Middleware.AuthorisationMiddleware|requestId: 80000010-0000-fb00-b63f-84710c7967bb, previousRequestId: no previous request id, message: /api/Order/historyDeliverer route does not require user to be authorised 
2022-07-14 12:26:09.6455||INFO|Ocelot.Requester.Middleware.HttpRequesterMiddleware|requestId: 80000010-0000-fb00-b63f-84710c7967bb, previousRequestId: no previous request id, message: 200 (OK) status code, request uri: https://localhost:44343/api/Order/historyDeliverer 
2022-07-14 12:26:09.6780||INFO|Ocelot.RateLimit.Middleware.ClientRateLimitMiddleware|requestId: 8000000a-0003-fb00-b63f-84710c7967bb, previousRequestId: no previous request id, message: EndpointRateLimiting is not enabled for /api/users/{id} 
2022-07-14 12:26:09.6823||INFO|Ocelot.RateLimit.Middleware.ClientRateLimitMiddleware|requestId: 8000003a-0005-fe00-b63f-84710c7967bb, previousRequestId: no previous request id, message: EndpointRateLimiting is not enabled for /api/users/{id} 
2022-07-14 12:26:09.6823||INFO|Ocelot.Authentication.Middleware.AuthenticationMiddleware|requestId: 8000000a-0003-fb00-b63f-84710c7967bb, previousRequestId: no previous request id, message: No authentication needed for /api/users/5 
2022-07-14 12:26:09.6823||INFO|Ocelot.Authentication.Middleware.AuthenticationMiddleware|requestId: 8000003a-0005-fe00-b63f-84710c7967bb, previousRequestId: no previous request id, message: No authentication needed for /api/users/6 
2022-07-14 12:26:09.6951||INFO|Ocelot.Authorisation.Middleware.AuthorisationMiddleware|requestId: 8000000a-0003-fb00-b63f-84710c7967bb, previousRequestId: no previous request id, message: /api/users/{id} route does not require user to be authorised 
2022-07-14 12:26:09.6951||INFO|Ocelot.Authorisation.Middleware.AuthorisationMiddleware|requestId: 8000003a-0005-fe00-b63f-84710c7967bb, previousRequestId: no previous request id, message: /api/users/{id} route does not require user to be authorised 
2022-07-14 12:26:09.7245||INFO|Ocelot.Requester.Middleware.HttpRequesterMiddleware|requestId: 8000003a-0005-fe00-b63f-84710c7967bb, previousRequestId: no previous request id, message: 200 (OK) status code, request uri: https://localhost:44305/api/users/6 
2022-07-14 12:26:09.7286||INFO|Ocelot.Requester.Middleware.HttpRequesterMiddleware|requestId: 8000000a-0003-fb00-b63f-84710c7967bb, previousRequestId: no previous request id, message: 200 (OK) status code, request uri: https://localhost:44305/api/users/5 
2022-07-14 12:26:09.7469||INFO|Ocelot.RateLimit.Middleware.ClientRateLimitMiddleware|requestId: 8000003c-0005-fe00-b63f-84710c7967bb, previousRequestId: no previous request id, message: EndpointRateLimiting is not enabled for /api/users/{id} 
2022-07-14 12:26:09.7469||INFO|Ocelot.RateLimit.Middleware.ClientRateLimitMiddleware|requestId: 80000012-0005-ff00-b63f-84710c7967bb, previousRequestId: no previous request id, message: EndpointRateLimiting is not enabled for /api/users/{id} 
2022-07-14 12:26:09.7469||INFO|Ocelot.Authentication.Middleware.AuthenticationMiddleware|requestId: 8000003c-0005-fe00-b63f-84710c7967bb, previousRequestId: no previous request id, message: No authentication needed for /api/users/6 
2022-07-14 12:26:09.7584||INFO|Ocelot.Authentication.Middleware.AuthenticationMiddleware|requestId: 80000012-0005-ff00-b63f-84710c7967bb, previousRequestId: no previous request id, message: No authentication needed for /api/users/5 
2022-07-14 12:26:09.7584||INFO|Ocelot.Authorisation.Middleware.AuthorisationMiddleware|requestId: 8000003c-0005-fe00-b63f-84710c7967bb, previousRequestId: no previous request id, message: /api/users/{id} route does not require user to be authorised 
2022-07-14 12:26:09.7584||INFO|Ocelot.Authorisation.Middleware.AuthorisationMiddleware|requestId: 80000012-0005-ff00-b63f-84710c7967bb, previousRequestId: no previous request id, message: /api/users/{id} route does not require user to be authorised 
2022-07-14 12:26:09.7837||INFO|Ocelot.Requester.Middleware.HttpRequesterMiddleware|requestId: 8000003c-0005-fe00-b63f-84710c7967bb, previousRequestId: no previous request id, message: 200 (OK) status code, request uri: https://localhost:44305/api/users/6 
2022-07-14 12:26:09.7837||INFO|Ocelot.Requester.Middleware.HttpRequesterMiddleware|requestId: 80000012-0005-ff00-b63f-84710c7967bb, previousRequestId: no previous request id, message: 200 (OK) status code, request uri: https://localhost:44305/api/users/5 
2022-07-14 12:26:10.5464||INFO|Ocelot.RateLimit.Middleware.ClientRateLimitMiddleware|requestId: 80000018-0002-fb00-b63f-84710c7967bb, previousRequestId: no previous request id, message: EndpointRateLimiting is not enabled for /api/Order/Undelivered 
2022-07-14 12:26:10.5464||INFO|Ocelot.Authentication.Middleware.AuthenticationMiddleware|requestId: 80000018-0002-fb00-b63f-84710c7967bb, previousRequestId: no previous request id, message: No authentication needed for /api/Order/Undelivered 
2022-07-14 12:26:10.5560||INFO|Ocelot.Authorisation.Middleware.AuthorisationMiddleware|requestId: 80000018-0002-fb00-b63f-84710c7967bb, previousRequestId: no previous request id, message: /api/Order/Undelivered route does not require user to be authorised 
2022-07-14 12:26:10.5777||INFO|Ocelot.Requester.Middleware.HttpRequesterMiddleware|requestId: 80000018-0002-fb00-b63f-84710c7967bb, previousRequestId: no previous request id, message: 200 (OK) status code, request uri: https://localhost:44343/api/Order/Undelivered 
2022-07-14 12:26:10.5886||INFO|Ocelot.RateLimit.Middleware.ClientRateLimitMiddleware|requestId: 8000000e-0007-ff00-b63f-84710c7967bb, previousRequestId: no previous request id, message: EndpointRateLimiting is not enabled for /api/users/{id} 
2022-07-14 12:26:10.5886||INFO|Ocelot.Authentication.Middleware.AuthenticationMiddleware|requestId: 8000000e-0007-ff00-b63f-84710c7967bb, previousRequestId: no previous request id, message: No authentication needed for /api/users/6 
2022-07-14 12:26:10.5886||INFO|Ocelot.Authorisation.Middleware.AuthorisationMiddleware|requestId: 8000000e-0007-ff00-b63f-84710c7967bb, previousRequestId: no previous request id, message: /api/users/{id} route does not require user to be authorised 
2022-07-14 12:26:10.6150||INFO|Ocelot.Requester.Middleware.HttpRequesterMiddleware|requestId: 8000000e-0007-ff00-b63f-84710c7967bb, previousRequestId: no previous request id, message: 200 (OK) status code, request uri: https://localhost:44305/api/users/6 
2022-07-14 12:26:12.2891||INFO|Ocelot.RateLimit.Middleware.ClientRateLimitMiddleware|requestId: 80000033-0001-ff00-b63f-84710c7967bb, previousRequestId: no previous request id, message: EndpointRateLimiting is not enabled for /api/Order/TakeOrder 
2022-07-14 12:26:12.2891||INFO|Ocelot.Authentication.Middleware.AuthenticationMiddleware|requestId: 80000033-0001-ff00-b63f-84710c7967bb, previousRequestId: no previous request id, message: No authentication needed for /api/Order/TakeOrder 
2022-07-14 12:26:12.2891||INFO|Ocelot.Authorisation.Middleware.AuthorisationMiddleware|requestId: 80000033-0001-ff00-b63f-84710c7967bb, previousRequestId: no previous request id, message: /api/Order/TakeOrder route does not require user to be authorised 
2022-07-14 12:26:12.3700||INFO|Ocelot.Requester.Middleware.HttpRequesterMiddleware|requestId: 80000033-0001-ff00-b63f-84710c7967bb, previousRequestId: no previous request id, message: 200 (OK) status code, request uri: https://localhost:44343/api/Order/TakeOrder 
2022-07-14 12:26:14.9696||INFO|Ocelot.RateLimit.Middleware.ClientRateLimitMiddleware|requestId: 80000014-0005-ff00-b63f-84710c7967bb, previousRequestId: no previous request id, message: EndpointRateLimiting is not enabled for /api/Order/currentOrder 
2022-07-14 12:26:14.9696||INFO|Ocelot.Authentication.Middleware.AuthenticationMiddleware|requestId: 80000014-0005-ff00-b63f-84710c7967bb, previousRequestId: no previous request id, message: No authentication needed for /api/Order/currentOrder 
2022-07-14 12:26:14.9771||INFO|Ocelot.Authorisation.Middleware.AuthorisationMiddleware|requestId: 80000014-0005-ff00-b63f-84710c7967bb, previousRequestId: no previous request id, message: /api/Order/currentOrder route does not require user to be authorised 
2022-07-14 12:26:14.9979||INFO|Ocelot.Requester.Middleware.HttpRequesterMiddleware|requestId: 80000014-0005-ff00-b63f-84710c7967bb, previousRequestId: no previous request id, message: 200 (OK) status code, request uri: https://localhost:44343/api/Order/currentOrder 
2022-07-14 12:26:15.0237||INFO|Ocelot.RateLimit.Middleware.ClientRateLimitMiddleware|requestId: 80000019-0000-fd00-b63f-84710c7967bb, previousRequestId: no previous request id, message: EndpointRateLimiting is not enabled for /api/users/{id} 
2022-07-14 12:26:15.0237||INFO|Ocelot.RateLimit.Middleware.ClientRateLimitMiddleware|requestId: 80000016-0000-fb00-b63f-84710c7967bb, previousRequestId: no previous request id, message: EndpointRateLimiting is not enabled for /api/users/{id} 
2022-07-14 12:26:15.0237||INFO|Ocelot.Authentication.Middleware.AuthenticationMiddleware|requestId: 80000019-0000-fd00-b63f-84710c7967bb, previousRequestId: no previous request id, message: No authentication needed for /api/users/5 
2022-07-14 12:26:15.0237||INFO|Ocelot.Authentication.Middleware.AuthenticationMiddleware|requestId: 80000016-0000-fb00-b63f-84710c7967bb, previousRequestId: no previous request id, message: No authentication needed for /api/users/6 
2022-07-14 12:26:15.0237||INFO|Ocelot.Authorisation.Middleware.AuthorisationMiddleware|requestId: 80000019-0000-fd00-b63f-84710c7967bb, previousRequestId: no previous request id, message: /api/users/{id} route does not require user to be authorised 
2022-07-14 12:26:15.0404||INFO|Ocelot.Authorisation.Middleware.AuthorisationMiddleware|requestId: 80000016-0000-fb00-b63f-84710c7967bb, previousRequestId: no previous request id, message: /api/users/{id} route does not require user to be authorised 
2022-07-14 12:26:15.0623||INFO|Ocelot.Requester.Middleware.HttpRequesterMiddleware|requestId: 80000016-0000-fb00-b63f-84710c7967bb, previousRequestId: no previous request id, message: 200 (OK) status code, request uri: https://localhost:44305/api/users/6 
2022-07-14 12:26:15.0623||INFO|Ocelot.Requester.Middleware.HttpRequesterMiddleware|requestId: 80000019-0000-fd00-b63f-84710c7967bb, previousRequestId: no previous request id, message: 200 (OK) status code, request uri: https://localhost:44305/api/users/5 
2022-07-14 12:26:21.8066||INFO|Ocelot.RateLimit.Middleware.ClientRateLimitMiddleware|requestId: 8000001b-0000-fd00-b63f-84710c7967bb, previousRequestId: no previous request id, message: EndpointRateLimiting is not enabled for /api/Order/historyDeliverer 
2022-07-14 12:26:21.8066||INFO|Ocelot.Authentication.Middleware.AuthenticationMiddleware|requestId: 8000001b-0000-fd00-b63f-84710c7967bb, previousRequestId: no previous request id, message: No authentication needed for /api/Order/historyDeliverer 
2022-07-14 12:26:21.8066||INFO|Ocelot.Authorisation.Middleware.AuthorisationMiddleware|requestId: 8000001b-0000-fd00-b63f-84710c7967bb, previousRequestId: no previous request id, message: /api/Order/historyDeliverer route does not require user to be authorised 
2022-07-14 12:26:21.8438||INFO|Ocelot.Requester.Middleware.HttpRequesterMiddleware|requestId: 8000001b-0000-fd00-b63f-84710c7967bb, previousRequestId: no previous request id, message: 200 (OK) status code, request uri: https://localhost:44343/api/Order/historyDeliverer 
2022-07-14 12:26:21.8723||INFO|Ocelot.RateLimit.Middleware.ClientRateLimitMiddleware|requestId: 8000001c-0002-fb00-b63f-84710c7967bb, previousRequestId: no previous request id, message: EndpointRateLimiting is not enabled for /api/users/{id} 
2022-07-14 12:26:21.8723||INFO|Ocelot.RateLimit.Middleware.ClientRateLimitMiddleware|requestId: 80000035-0001-ff00-b63f-84710c7967bb, previousRequestId: no previous request id, message: EndpointRateLimiting is not enabled for /api/users/{id} 
2022-07-14 12:26:21.8839||INFO|Ocelot.Authentication.Middleware.AuthenticationMiddleware|requestId: 8000001c-0002-fb00-b63f-84710c7967bb, previousRequestId: no previous request id, message: No authentication needed for /api/users/6 
2022-07-14 12:26:21.8839||INFO|Ocelot.Authentication.Middleware.AuthenticationMiddleware|requestId: 80000035-0001-ff00-b63f-84710c7967bb, previousRequestId: no previous request id, message: No authentication needed for /api/users/5 
2022-07-14 12:26:21.8839||INFO|Ocelot.Authorisation.Middleware.AuthorisationMiddleware|requestId: 8000001c-0002-fb00-b63f-84710c7967bb, previousRequestId: no previous request id, message: /api/users/{id} route does not require user to be authorised 
2022-07-14 12:26:21.9021||INFO|Ocelot.Authorisation.Middleware.AuthorisationMiddleware|requestId: 80000035-0001-ff00-b63f-84710c7967bb, previousRequestId: no previous request id, message: /api/users/{id} route does not require user to be authorised 
2022-07-14 12:26:21.9223||INFO|Ocelot.Requester.Middleware.HttpRequesterMiddleware|requestId: 8000001c-0002-fb00-b63f-84710c7967bb, previousRequestId: no previous request id, message: 200 (OK) status code, request uri: https://localhost:44305/api/users/6 
2022-07-14 12:26:21.9223||INFO|Ocelot.Requester.Middleware.HttpRequesterMiddleware|requestId: 80000035-0001-ff00-b63f-84710c7967bb, previousRequestId: no previous request id, message: 200 (OK) status code, request uri: https://localhost:44305/api/users/5 
2022-07-14 12:26:21.9372||INFO|Ocelot.RateLimit.Middleware.ClientRateLimitMiddleware|requestId: 80000037-0001-ff00-b63f-84710c7967bb, previousRequestId: no previous request id, message: EndpointRateLimiting is not enabled for /api/users/{id} 
2022-07-14 12:26:21.9372||INFO|Ocelot.RateLimit.Middleware.ClientRateLimitMiddleware|requestId: 8000001c-0004-ff00-b63f-84710c7967bb, previousRequestId: no previous request id, message: EndpointRateLimiting is not enabled for /api/users/{id} 
2022-07-14 12:26:21.9449||INFO|Ocelot.Authentication.Middleware.AuthenticationMiddleware|requestId: 80000037-0001-ff00-b63f-84710c7967bb, previousRequestId: no previous request id, message: No authentication needed for /api/users/6 
2022-07-14 12:26:21.9449||INFO|Ocelot.Authentication.Middleware.AuthenticationMiddleware|requestId: 8000001c-0004-ff00-b63f-84710c7967bb, previousRequestId: no previous request id, message: No authentication needed for /api/users/5 
2022-07-14 12:26:21.9449||INFO|Ocelot.Authorisation.Middleware.AuthorisationMiddleware|requestId: 80000037-0001-ff00-b63f-84710c7967bb, previousRequestId: no previous request id, message: /api/users/{id} route does not require user to be authorised 
2022-07-14 12:26:21.9449||INFO|Ocelot.Authorisation.Middleware.AuthorisationMiddleware|requestId: 8000001c-0004-ff00-b63f-84710c7967bb, previousRequestId: no previous request id, message: /api/users/{id} route does not require user to be authorised 
2022-07-14 12:26:21.9712||INFO|Ocelot.Requester.Middleware.HttpRequesterMiddleware|requestId: 80000037-0001-ff00-b63f-84710c7967bb, previousRequestId: no previous request id, message: 200 (OK) status code, request uri: https://localhost:44305/api/users/6 
2022-07-14 12:26:21.9712||INFO|Ocelot.Requester.Middleware.HttpRequesterMiddleware|requestId: 8000001c-0004-ff00-b63f-84710c7967bb, previousRequestId: no previous request id, message: 200 (OK) status code, request uri: https://localhost:44305/api/users/5 
2022-07-14 12:26:21.9869||INFO|Ocelot.RateLimit.Middleware.ClientRateLimitMiddleware|requestId: 8000001f-0000-fd00-b63f-84710c7967bb, previousRequestId: no previous request id, message: EndpointRateLimiting is not enabled for /api/users/{id} 
2022-07-14 12:26:21.9869||INFO|Ocelot.RateLimit.Middleware.ClientRateLimitMiddleware|requestId: 8000001e-0004-ff00-b63f-84710c7967bb, previousRequestId: no previous request id, message: EndpointRateLimiting is not enabled for /api/users/{id} 
2022-07-14 12:26:21.9926||INFO|Ocelot.Authentication.Middleware.AuthenticationMiddleware|requestId: 8000001f-0000-fd00-b63f-84710c7967bb, previousRequestId: no previous request id, message: No authentication needed for /api/users/6 
2022-07-14 12:26:21.9926||INFO|Ocelot.Authentication.Middleware.AuthenticationMiddleware|requestId: 8000001e-0004-ff00-b63f-84710c7967bb, previousRequestId: no previous request id, message: No authentication needed for /api/users/5 
2022-07-14 12:26:21.9926||INFO|Ocelot.Authorisation.Middleware.AuthorisationMiddleware|requestId: 8000001f-0000-fd00-b63f-84710c7967bb, previousRequestId: no previous request id, message: /api/users/{id} route does not require user to be authorised 
2022-07-14 12:26:21.9926||INFO|Ocelot.Authorisation.Middleware.AuthorisationMiddleware|requestId: 8000001e-0004-ff00-b63f-84710c7967bb, previousRequestId: no previous request id, message: /api/users/{id} route does not require user to be authorised 
2022-07-14 12:26:22.0242||INFO|Ocelot.Requester.Middleware.HttpRequesterMiddleware|requestId: 8000001e-0004-ff00-b63f-84710c7967bb, previousRequestId: no previous request id, message: 200 (OK) status code, request uri: https://localhost:44305/api/users/5 
2022-07-14 12:26:22.0242||INFO|Ocelot.Requester.Middleware.HttpRequesterMiddleware|requestId: 8000001f-0000-fd00-b63f-84710c7967bb, previousRequestId: no previous request id, message: 200 (OK) status code, request uri: https://localhost:44305/api/users/6 
2022-07-14 12:26:26.9636||INFO|Ocelot.RateLimit.Middleware.ClientRateLimitMiddleware|requestId: 80000021-0000-fd00-b63f-84710c7967bb, previousRequestId: no previous request id, message: EndpointRateLimiting is not enabled for /api/users/{id} 
2022-07-14 12:26:26.9636||INFO|Ocelot.RateLimit.Middleware.ClientRateLimitMiddleware|requestId: 80000042-0005-fe00-b63f-84710c7967bb, previousRequestId: no previous request id, message: EndpointRateLimiting is not enabled for /api/users/{id} 
2022-07-14 12:26:26.9636||INFO|Ocelot.Authentication.Middleware.AuthenticationMiddleware|requestId: 80000021-0000-fd00-b63f-84710c7967bb, previousRequestId: no previous request id, message: No authentication needed for /api/users/image 
2022-07-14 12:26:26.9636||INFO|Ocelot.Authentication.Middleware.AuthenticationMiddleware|requestId: 80000042-0005-fe00-b63f-84710c7967bb, previousRequestId: no previous request id, message: No authentication needed for /api/users/username/Elena99 
2022-07-14 12:26:26.9786||INFO|Ocelot.Authorisation.Middleware.AuthorisationMiddleware|requestId: 80000021-0000-fd00-b63f-84710c7967bb, previousRequestId: no previous request id, message: /api/users/{id} route does not require user to be authorised 
2022-07-14 12:26:26.9786||INFO|Ocelot.Authorisation.Middleware.AuthorisationMiddleware|requestId: 80000042-0005-fe00-b63f-84710c7967bb, previousRequestId: no previous request id, message: /api/users/{id} route does not require user to be authorised 
2022-07-14 12:26:27.0143||INFO|Ocelot.Requester.Middleware.HttpRequesterMiddleware|requestId: 80000042-0005-fe00-b63f-84710c7967bb, previousRequestId: no previous request id, message: 200 (OK) status code, request uri: https://localhost:44305/api/users/username/Elena99 
2022-07-14 12:26:27.0243||WARN|Ocelot.Requester.Middleware.HttpRequesterMiddleware|requestId: 80000021-0000-fd00-b63f-84710c7967bb, previousRequestId: no previous request id, message: 500 (Internal Server Error) status code, request uri: https://localhost:44305/api/users/image 
2022-07-14 12:26:32.9179||INFO|Ocelot.RateLimit.Middleware.ClientRateLimitMiddleware|requestId: 80000039-0001-ff00-b63f-84710c7967bb, previousRequestId: no previous request id, message: EndpointRateLimiting is not enabled for /api/users/login 
2022-07-14 12:26:32.9179||INFO|Ocelot.Authentication.Middleware.AuthenticationMiddleware|requestId: 80000039-0001-ff00-b63f-84710c7967bb, previousRequestId: no previous request id, message: No authentication needed for /api/users/login 
2022-07-14 12:26:32.9295||INFO|Ocelot.Authorisation.Middleware.AuthorisationMiddleware|requestId: 80000039-0001-ff00-b63f-84710c7967bb, previousRequestId: no previous request id, message: /api/users/login route does not require user to be authorised 
2022-07-14 12:26:32.9453||INFO|Ocelot.Requester.Middleware.HttpRequesterMiddleware|requestId: 80000039-0001-ff00-b63f-84710c7967bb, previousRequestId: no previous request id, message: 200 (OK) status code, request uri: https://localhost:44305/api/users/login 
2022-07-14 12:26:36.1412||INFO|Ocelot.RateLimit.Middleware.ClientRateLimitMiddleware|requestId: 8000000e-0003-fb00-b63f-84710c7967bb, previousRequestId: no previous request id, message: EndpointRateLimiting is not enabled for /api/users/{id} 
2022-07-14 12:26:36.1412||INFO|Ocelot.Authentication.Middleware.AuthenticationMiddleware|requestId: 8000000e-0003-fb00-b63f-84710c7967bb, previousRequestId: no previous request id, message: No authentication needed for /api/users/image 
2022-07-14 12:26:36.1487||INFO|Ocelot.RateLimit.Middleware.ClientRateLimitMiddleware|requestId: 80000024-0004-ff00-b63f-84710c7967bb, previousRequestId: no previous request id, message: EndpointRateLimiting is not enabled for /api/users/{id} 
2022-07-14 12:26:36.1487||INFO|Ocelot.Authorisation.Middleware.AuthorisationMiddleware|requestId: 8000000e-0003-fb00-b63f-84710c7967bb, previousRequestId: no previous request id, message: /api/users/{id} route does not require user to be authorised 
2022-07-14 12:26:36.1487||INFO|Ocelot.Authentication.Middleware.AuthenticationMiddleware|requestId: 80000024-0004-ff00-b63f-84710c7967bb, previousRequestId: no previous request id, message: No authentication needed for /api/users/username/admin 
2022-07-14 12:26:36.1664||INFO|Ocelot.Authorisation.Middleware.AuthorisationMiddleware|requestId: 80000024-0004-ff00-b63f-84710c7967bb, previousRequestId: no previous request id, message: /api/users/{id} route does not require user to be authorised 
2022-07-14 12:26:36.1927||INFO|Ocelot.Requester.Middleware.HttpRequesterMiddleware|requestId: 80000024-0004-ff00-b63f-84710c7967bb, previousRequestId: no previous request id, message: 200 (OK) status code, request uri: https://localhost:44305/api/users/username/admin 
2022-07-14 12:26:36.2022||INFO|Ocelot.Requester.Middleware.HttpRequesterMiddleware|requestId: 8000000e-0003-fb00-b63f-84710c7967bb, previousRequestId: no previous request id, message: 200 (OK) status code, request uri: https://localhost:44305/api/users/image 
2022-07-14 12:26:38.2571||INFO|Ocelot.RateLimit.Middleware.ClientRateLimitMiddleware|requestId: 80000024-0002-fb00-b63f-84710c7967bb, previousRequestId: no previous request id, message: EndpointRateLimiting is not enabled for /api/Order 
2022-07-14 12:26:38.2571||INFO|Ocelot.Authentication.Middleware.AuthenticationMiddleware|requestId: 80000024-0002-fb00-b63f-84710c7967bb, previousRequestId: no previous request id, message: No authentication needed for /api/Order 
2022-07-14 12:26:38.2571||INFO|Ocelot.Authorisation.Middleware.AuthorisationMiddleware|requestId: 80000024-0002-fb00-b63f-84710c7967bb, previousRequestId: no previous request id, message: /api/Order route does not require user to be authorised 
2022-07-14 12:26:38.3171||INFO|Ocelot.Requester.Middleware.HttpRequesterMiddleware|requestId: 80000024-0002-fb00-b63f-84710c7967bb, previousRequestId: no previous request id, message: 200 (OK) status code, request uri: https://localhost:44343/api/Order 
2022-07-14 12:26:38.3378||INFO|Ocelot.RateLimit.Middleware.ClientRateLimitMiddleware|requestId: 80000014-0002-fc00-b63f-84710c7967bb, previousRequestId: no previous request id, message: EndpointRateLimiting is not enabled for /api/users/{id} 
2022-07-14 12:26:38.3378||INFO|Ocelot.RateLimit.Middleware.ClientRateLimitMiddleware|requestId: 80000028-0002-fb00-b63f-84710c7967bb, previousRequestId: no previous request id, message: EndpointRateLimiting is not enabled for /api/users/{id} 
2022-07-14 12:26:38.3378||INFO|Ocelot.Authentication.Middleware.AuthenticationMiddleware|requestId: 80000014-0002-fc00-b63f-84710c7967bb, previousRequestId: no previous request id, message: No authentication needed for /api/users/6 
2022-07-14 12:26:38.3536||INFO|Ocelot.Authentication.Middleware.AuthenticationMiddleware|requestId: 80000028-0002-fb00-b63f-84710c7967bb, previousRequestId: no previous request id, message: No authentication needed for /api/users/5 
2022-07-14 12:26:38.3536||INFO|Ocelot.Authorisation.Middleware.AuthorisationMiddleware|requestId: 80000014-0002-fc00-b63f-84710c7967bb, previousRequestId: no previous request id, message: /api/users/{id} route does not require user to be authorised 
2022-07-14 12:26:38.3536||INFO|Ocelot.Authorisation.Middleware.AuthorisationMiddleware|requestId: 80000028-0002-fb00-b63f-84710c7967bb, previousRequestId: no previous request id, message: /api/users/{id} route does not require user to be authorised 
2022-07-14 12:26:38.3894||INFO|Ocelot.Requester.Middleware.HttpRequesterMiddleware|requestId: 80000014-0002-fc00-b63f-84710c7967bb, previousRequestId: no previous request id, message: 200 (OK) status code, request uri: https://localhost:44305/api/users/6 
2022-07-14 12:26:38.3894||INFO|Ocelot.Requester.Middleware.HttpRequesterMiddleware|requestId: 80000028-0002-fb00-b63f-84710c7967bb, previousRequestId: no previous request id, message: 200 (OK) status code, request uri: https://localhost:44305/api/users/5 
2022-07-14 12:26:38.4034||INFO|Ocelot.RateLimit.Middleware.ClientRateLimitMiddleware|requestId: 8000003f-0001-ff00-b63f-84710c7967bb, previousRequestId: no previous request id, message: EndpointRateLimiting is not enabled for /api/users/{id} 
2022-07-14 12:26:38.4034||INFO|Ocelot.RateLimit.Middleware.ClientRateLimitMiddleware|requestId: 80000016-0001-fe00-b63f-84710c7967bb, previousRequestId: no previous request id, message: EndpointRateLimiting is not enabled for /api/users/{id} 
2022-07-14 12:26:38.4034||INFO|Ocelot.Authentication.Middleware.AuthenticationMiddleware|requestId: 8000003f-0001-ff00-b63f-84710c7967bb, previousRequestId: no previous request id, message: No authentication needed for /api/users/6 
2022-07-14 12:26:38.4034||INFO|Ocelot.Authentication.Middleware.AuthenticationMiddleware|requestId: 80000016-0001-fe00-b63f-84710c7967bb, previousRequestId: no previous request id, message: No authentication needed for /api/users/5 
2022-07-14 12:26:38.4148||INFO|Ocelot.Authorisation.Middleware.AuthorisationMiddleware|requestId: 8000003f-0001-ff00-b63f-84710c7967bb, previousRequestId: no previous request id, message: /api/users/{id} route does not require user to be authorised 
2022-07-14 12:26:38.4148||INFO|Ocelot.Authorisation.Middleware.AuthorisationMiddleware|requestId: 80000016-0001-fe00-b63f-84710c7967bb, previousRequestId: no previous request id, message: /api/users/{id} route does not require user to be authorised 
2022-07-14 12:26:38.4393||INFO|Ocelot.Requester.Middleware.HttpRequesterMiddleware|requestId: 80000016-0001-fe00-b63f-84710c7967bb, previousRequestId: no previous request id, message: 200 (OK) status code, request uri: https://localhost:44305/api/users/5 
2022-07-14 12:26:38.4393||INFO|Ocelot.Requester.Middleware.HttpRequesterMiddleware|requestId: 8000003f-0001-ff00-b63f-84710c7967bb, previousRequestId: no previous request id, message: 200 (OK) status code, request uri: https://localhost:44305/api/users/6 
2022-07-14 12:26:38.4513||INFO|Ocelot.RateLimit.Middleware.ClientRateLimitMiddleware|requestId: 80000041-0001-ff00-b63f-84710c7967bb, previousRequestId: no previous request id, message: EndpointRateLimiting is not enabled for /api/users/{id} 
2022-07-14 12:26:38.4513||INFO|Ocelot.RateLimit.Middleware.ClientRateLimitMiddleware|requestId: 80000044-0005-fe00-b63f-84710c7967bb, previousRequestId: no previous request id, message: EndpointRateLimiting is not enabled for /api/users/{id} 
2022-07-14 12:26:38.4513||INFO|Ocelot.Authentication.Middleware.AuthenticationMiddleware|requestId: 80000041-0001-ff00-b63f-84710c7967bb, previousRequestId: no previous request id, message: No authentication needed for /api/users/5 
2022-07-14 12:26:38.4609||INFO|Ocelot.Authentication.Middleware.AuthenticationMiddleware|requestId: 80000044-0005-fe00-b63f-84710c7967bb, previousRequestId: no previous request id, message: No authentication needed for /api/users/6 
2022-07-14 12:26:38.4609||INFO|Ocelot.Authorisation.Middleware.AuthorisationMiddleware|requestId: 80000041-0001-ff00-b63f-84710c7967bb, previousRequestId: no previous request id, message: /api/users/{id} route does not require user to be authorised 
2022-07-14 12:26:38.4609||INFO|Ocelot.Authorisation.Middleware.AuthorisationMiddleware|requestId: 80000044-0005-fe00-b63f-84710c7967bb, previousRequestId: no previous request id, message: /api/users/{id} route does not require user to be authorised 
2022-07-14 12:26:38.4909||INFO|Ocelot.Requester.Middleware.HttpRequesterMiddleware|requestId: 80000041-0001-ff00-b63f-84710c7967bb, previousRequestId: no previous request id, message: 200 (OK) status code, request uri: https://localhost:44305/api/users/5 
2022-07-14 12:26:38.4909||INFO|Ocelot.Requester.Middleware.HttpRequesterMiddleware|requestId: 80000044-0005-fe00-b63f-84710c7967bb, previousRequestId: no previous request id, message: 200 (OK) status code, request uri: https://localhost:44305/api/users/6 
2022-07-14 12:26:46.3407||INFO|Ocelot.RateLimit.Middleware.ClientRateLimitMiddleware|requestId: 80000020-0006-f900-b63f-84710c7967bb, previousRequestId: no previous request id, message: EndpointRateLimiting is not enabled for /api/users/{id} 
2022-07-14 12:26:46.3407||INFO|Ocelot.Authentication.Middleware.AuthenticationMiddleware|requestId: 80000020-0006-f900-b63f-84710c7967bb, previousRequestId: no previous request id, message: No authentication needed for /api/users/Unactivated 
2022-07-14 12:26:46.3407||INFO|Ocelot.Authorisation.Middleware.AuthorisationMiddleware|requestId: 80000020-0006-f900-b63f-84710c7967bb, previousRequestId: no previous request id, message: /api/users/{id} route does not require user to be authorised 
2022-07-14 12:26:46.4300||INFO|Ocelot.Requester.Middleware.HttpRequesterMiddleware|requestId: 80000020-0006-f900-b63f-84710c7967bb, previousRequestId: no previous request id, message: 200 (OK) status code, request uri: https://localhost:44305/api/users/Unactivated 
2022-07-14 12:27:38.8998||INFO|Ocelot.RateLimit.Middleware.ClientRateLimitMiddleware|requestId: 80000018-0007-ff00-b63f-84710c7967bb, previousRequestId: no previous request id, message: EndpointRateLimiting is not enabled for /api/users 
2022-07-14 12:27:38.8998||INFO|Ocelot.Authentication.Middleware.AuthenticationMiddleware|requestId: 80000018-0007-ff00-b63f-84710c7967bb, previousRequestId: no previous request id, message: No authentication needed for /api/users 
2022-07-14 12:27:38.9145||INFO|Ocelot.Authorisation.Middleware.AuthorisationMiddleware|requestId: 80000018-0007-ff00-b63f-84710c7967bb, previousRequestId: no previous request id, message: /api/users route does not require user to be authorised 
2022-07-14 12:27:39.3632||INFO|Ocelot.Requester.Middleware.HttpRequesterMiddleware|requestId: 80000018-0007-ff00-b63f-84710c7967bb, previousRequestId: no previous request id, message: 200 (OK) status code, request uri: https://localhost:44305/api/users 
2022-07-14 12:27:50.0235||INFO|Ocelot.RateLimit.Middleware.ClientRateLimitMiddleware|requestId: 80000028-0004-ff00-b63f-84710c7967bb, previousRequestId: no previous request id, message: EndpointRateLimiting is not enabled for /api/users/login 
2022-07-14 12:27:50.0235||INFO|Ocelot.Authentication.Middleware.AuthenticationMiddleware|requestId: 80000028-0004-ff00-b63f-84710c7967bb, previousRequestId: no previous request id, message: No authentication needed for /api/users/login 
2022-07-14 12:27:50.0235||INFO|Ocelot.Authorisation.Middleware.AuthorisationMiddleware|requestId: 80000028-0004-ff00-b63f-84710c7967bb, previousRequestId: no previous request id, message: /api/users/login route does not require user to be authorised 
2022-07-14 12:27:50.0564||INFO|Ocelot.Requester.Middleware.HttpRequesterMiddleware|requestId: 80000028-0004-ff00-b63f-84710c7967bb, previousRequestId: no previous request id, message: 200 (OK) status code, request uri: https://localhost:44305/api/users/login 
2022-07-14 12:28:04.9754||INFO|Ocelot.RateLimit.Middleware.ClientRateLimitMiddleware|requestId: 80000048-0005-fe00-b63f-84710c7967bb, previousRequestId: no previous request id, message: EndpointRateLimiting is not enabled for /api/users/login 
2022-07-14 12:28:04.9899||INFO|Ocelot.Authentication.Middleware.AuthenticationMiddleware|requestId: 80000048-0005-fe00-b63f-84710c7967bb, previousRequestId: no previous request id, message: No authentication needed for /api/users/login 
2022-07-14 12:28:04.9944||INFO|Ocelot.Authorisation.Middleware.AuthorisationMiddleware|requestId: 80000048-0005-fe00-b63f-84710c7967bb, previousRequestId: no previous request id, message: /api/users/login route does not require user to be authorised 
2022-07-14 12:28:05.0137||INFO|Ocelot.Requester.Middleware.HttpRequesterMiddleware|requestId: 80000048-0005-fe00-b63f-84710c7967bb, previousRequestId: no previous request id, message: 200 (OK) status code, request uri: https://localhost:44305/api/users/login 
2022-07-14 12:28:09.2429||INFO|Ocelot.RateLimit.Middleware.ClientRateLimitMiddleware|requestId: 80000043-0001-ff00-b63f-84710c7967bb, previousRequestId: no previous request id, message: EndpointRateLimiting is not enabled for /api/users/{id} 
2022-07-14 12:28:09.2429||INFO|Ocelot.Authentication.Middleware.AuthenticationMiddleware|requestId: 80000043-0001-ff00-b63f-84710c7967bb, previousRequestId: no previous request id, message: No authentication needed for /api/users/Unactivated 
2022-07-14 12:28:09.2429||INFO|Ocelot.Authorisation.Middleware.AuthorisationMiddleware|requestId: 80000043-0001-ff00-b63f-84710c7967bb, previousRequestId: no previous request id, message: /api/users/{id} route does not require user to be authorised 
2022-07-14 12:28:09.2707||INFO|Ocelot.Requester.Middleware.HttpRequesterMiddleware|requestId: 80000043-0001-ff00-b63f-84710c7967bb, previousRequestId: no previous request id, message: 200 (OK) status code, request uri: https://localhost:44305/api/users/Unactivated 
2022-07-14 12:28:10.4989||INFO|Ocelot.RateLimit.Middleware.ClientRateLimitMiddleware|requestId: 8000002c-0004-ff00-b63f-84710c7967bb, previousRequestId: no previous request id, message: EndpointRateLimiting is not enabled for /api/users/dismissUser 
2022-07-14 12:28:10.4989||INFO|Ocelot.Authentication.Middleware.AuthenticationMiddleware|requestId: 8000002c-0004-ff00-b63f-84710c7967bb, previousRequestId: no previous request id, message: No authentication needed for /api/users/dismissUser 
2022-07-14 12:28:10.5093||INFO|Ocelot.Authorisation.Middleware.AuthorisationMiddleware|requestId: 8000002c-0004-ff00-b63f-84710c7967bb, previousRequestId: no previous request id, message: /api/users/dismissUser route does not require user to be authorised 
2022-07-14 12:28:11.8288||INFO|Ocelot.Requester.Middleware.HttpRequesterMiddleware|requestId: 8000002c-0004-ff00-b63f-84710c7967bb, previousRequestId: no previous request id, message: 200 (OK) status code, request uri: https://localhost:44305/api/users/dismissUser 
2022-07-14 12:28:23.9872||INFO|Ocelot.RateLimit.Middleware.ClientRateLimitMiddleware|requestId: 80000024-0006-f900-b63f-84710c7967bb, previousRequestId: no previous request id, message: EndpointRateLimiting is not enabled for /api/users/login 
2022-07-14 12:28:23.9929||INFO|Ocelot.Authentication.Middleware.AuthenticationMiddleware|requestId: 80000024-0006-f900-b63f-84710c7967bb, previousRequestId: no previous request id, message: No authentication needed for /api/users/login 
2022-07-14 12:28:23.9929||INFO|Ocelot.Authorisation.Middleware.AuthorisationMiddleware|requestId: 80000024-0006-f900-b63f-84710c7967bb, previousRequestId: no previous request id, message: /api/users/login route does not require user to be authorised 
2022-07-14 12:28:24.0163||INFO|Ocelot.Requester.Middleware.HttpRequesterMiddleware|requestId: 80000024-0006-f900-b63f-84710c7967bb, previousRequestId: no previous request id, message: 200 (OK) status code, request uri: https://localhost:44305/api/users/login 
2022-07-14 17:25:32.1090||INFO|Microsoft.Hosting.Lifetime|Application started. Press Ctrl+C to shut down. 
2022-07-14 17:25:32.1967||INFO|Microsoft.Hosting.Lifetime|Hosting environment: Development 
2022-07-14 17:25:32.2198||INFO|Microsoft.Hosting.Lifetime|Content root path: C:\Users\elena\Desktop\PUSGS\ServerApp\ServerApp\APIGateway 
2022-07-14 17:25:32.3586||WARN|Ocelot.DownstreamRouteFinder.Middleware.DownstreamRouteFinderMiddleware|requestId: 80000032-0002-fb00-b63f-84710c7967bb, previousRequestId: no previous request id, message: DownstreamRouteFinderMiddleware setting pipeline errors. IDownstreamRouteFinder returned Error Code: UnableToFindDownstreamRouteError Message: Failed to match ReRoute configuration for upstream path: /swagger, verb: GET. 
2022-07-14 17:25:32.3679||WARN|Ocelot.DownstreamRouteFinder.Middleware.DownstreamRouteFinderMiddleware|requestId: 80000032-0002-fb00-b63f-84710c7967bb, previousRequestId: no previous request id, message: Failed to match ReRoute configuration for upstream path: /swagger, verb: GET. 
2022-07-14 17:25:32.3679||WARN|Ocelot.Responder.Middleware.ResponderMiddleware|requestId: 80000032-0002-fb00-b63f-84710c7967bb, previousRequestId: no previous request id, message: Error Code: UnableToFindDownstreamRouteError Message: Failed to match ReRoute configuration for upstream path: /swagger, verb: GET. errors found in ResponderMiddleware. Setting error response for request path:/swagger, request method: GET 
2022-07-14 17:27:00.3678||INFO|Ocelot.RateLimit.Middleware.ClientRateLimitMiddleware|requestId: 80000011-0006-fe00-b63f-84710c7967bb, previousRequestId: no previous request id, message: EndpointRateLimiting is not enabled for /api/users/login 
2022-07-14 17:27:00.3968||INFO|Ocelot.Authentication.Middleware.AuthenticationMiddleware|requestId: 80000011-0006-fe00-b63f-84710c7967bb, previousRequestId: no previous request id, message: No authentication needed for /api/users/login 
2022-07-14 17:27:00.4175||INFO|Ocelot.Authorisation.Middleware.AuthorisationMiddleware|requestId: 80000011-0006-fe00-b63f-84710c7967bb, previousRequestId: no previous request id, message: /api/users/login route does not require user to be authorised 
2022-07-14 17:27:04.4599||INFO|Ocelot.Requester.Middleware.HttpRequesterMiddleware|requestId: 80000011-0006-fe00-b63f-84710c7967bb, previousRequestId: no previous request id, message: 200 (OK) status code, request uri: https://localhost:44305/api/users/login 
2022-07-14 17:27:07.8141||INFO|Ocelot.RateLimit.Middleware.ClientRateLimitMiddleware|requestId: 80000038-0002-fb00-b63f-84710c7967bb, previousRequestId: no previous request id, message: EndpointRateLimiting is not enabled for /api/Order/historyDeliverer 
2022-07-14 17:27:07.8141||INFO|Ocelot.Authentication.Middleware.AuthenticationMiddleware|requestId: 80000038-0002-fb00-b63f-84710c7967bb, previousRequestId: no previous request id, message: No authentication needed for /api/Order/historyDeliverer 
2022-07-14 17:27:07.8214||INFO|Ocelot.Authorisation.Middleware.AuthorisationMiddleware|requestId: 80000038-0002-fb00-b63f-84710c7967bb, previousRequestId: no previous request id, message: /api/Order/historyDeliverer route does not require user to be authorised 
2022-07-14 17:27:09.8113||WARN|Ocelot.Requester.Middleware.HttpRequesterMiddleware|requestId: 80000038-0002-fb00-b63f-84710c7967bb, previousRequestId: no previous request id, message: The operation was canceled. 
2022-07-14 17:27:09.8113||WARN|Ocelot.Responder.Middleware.ResponderMiddleware|requestId: 80000038-0002-fb00-b63f-84710c7967bb, previousRequestId: no previous request id, message: Error Code: RequestCanceled Message: The operation was canceled. errors found in ResponderMiddleware. Setting error response for request path:/api/Order/historyDeliverer, request method: GET 
2022-07-14 17:27:09.9180||INFO|Ocelot.RateLimit.Middleware.ClientRateLimitMiddleware|requestId: 80000013-0006-fe00-b63f-84710c7967bb, previousRequestId: no previous request id, message: EndpointRateLimiting is not enabled for /api/Order/Undelivered 
2022-07-14 17:27:09.9306||INFO|Ocelot.Authentication.Middleware.AuthenticationMiddleware|requestId: 80000013-0006-fe00-b63f-84710c7967bb, previousRequestId: no previous request id, message: No authentication needed for /api/Order/Undelivered 
2022-07-14 17:27:09.9306||INFO|Ocelot.Authorisation.Middleware.AuthorisationMiddleware|requestId: 80000013-0006-fe00-b63f-84710c7967bb, previousRequestId: no previous request id, message: /api/Order/Undelivered route does not require user to be authorised 
2022-07-14 17:27:10.0169||INFO|Ocelot.Requester.Middleware.HttpRequesterMiddleware|requestId: 80000013-0006-fe00-b63f-84710c7967bb, previousRequestId: no previous request id, message: 200 (OK) status code, request uri: https://localhost:44343/api/Order/Undelivered 
2022-07-14 17:27:10.6247||INFO|Ocelot.RateLimit.Middleware.ClientRateLimitMiddleware|requestId: 80000006-0000-fa00-b63f-84710c7967bb, previousRequestId: no previous request id, message: EndpointRateLimiting is not enabled for /api/Order/currentOrder 
2022-07-14 17:27:10.6247||INFO|Ocelot.Authentication.Middleware.AuthenticationMiddleware|requestId: 80000006-0000-fa00-b63f-84710c7967bb, previousRequestId: no previous request id, message: No authentication needed for /api/Order/currentOrder 
2022-07-14 17:27:10.6333||INFO|Ocelot.Authorisation.Middleware.AuthorisationMiddleware|requestId: 80000006-0000-fa00-b63f-84710c7967bb, previousRequestId: no previous request id, message: /api/Order/currentOrder route does not require user to be authorised 
2022-07-14 17:27:10.7068||INFO|Ocelot.Requester.Middleware.HttpRequesterMiddleware|requestId: 80000006-0000-fa00-b63f-84710c7967bb, previousRequestId: no previous request id, message: 204 (No Content) status code, request uri: https://localhost:44343/api/Order/currentOrder 
2022-07-14 17:27:12.1375||INFO|Ocelot.RateLimit.Middleware.ClientRateLimitMiddleware|requestId: 80000005-0003-fc00-b63f-84710c7967bb, previousRequestId: no previous request id, message: EndpointRateLimiting is not enabled for /api/users/{id} 
2022-07-14 17:27:12.1375||INFO|Ocelot.RateLimit.Middleware.ClientRateLimitMiddleware|requestId: 80000045-0001-ff00-b63f-84710c7967bb, previousRequestId: no previous request id, message: EndpointRateLimiting is not enabled for /api/users/{id} 
2022-07-14 17:27:12.1375||INFO|Ocelot.Authentication.Middleware.AuthenticationMiddleware|requestId: 80000005-0003-fc00-b63f-84710c7967bb, previousRequestId: no previous request id, message: No authentication needed for /api/users/image 
2022-07-14 17:27:12.1375||INFO|Ocelot.Authentication.Middleware.AuthenticationMiddleware|requestId: 80000045-0001-ff00-b63f-84710c7967bb, previousRequestId: no previous request id, message: No authentication needed for /api/users/username/Elena99 
2022-07-14 17:27:12.1506||INFO|Ocelot.Authorisation.Middleware.AuthorisationMiddleware|requestId: 80000005-0003-fc00-b63f-84710c7967bb, previousRequestId: no previous request id, message: /api/users/{id} route does not require user to be authorised 
2022-07-14 17:27:12.1506||INFO|Ocelot.Authorisation.Middleware.AuthorisationMiddleware|requestId: 80000045-0001-ff00-b63f-84710c7967bb, previousRequestId: no previous request id, message: /api/users/{id} route does not require user to be authorised 
2022-07-14 17:27:12.4163||INFO|Ocelot.Requester.Middleware.HttpRequesterMiddleware|requestId: 80000045-0001-ff00-b63f-84710c7967bb, previousRequestId: no previous request id, message: 200 (OK) status code, request uri: https://localhost:44305/api/users/username/Elena99 
2022-07-14 17:27:12.5046||WARN|Ocelot.Requester.Middleware.HttpRequesterMiddleware|requestId: 80000005-0003-fc00-b63f-84710c7967bb, previousRequestId: no previous request id, message: 500 (Internal Server Error) status code, request uri: https://localhost:44305/api/users/image 
2022-07-14 17:27:22.3182||INFO|Ocelot.RateLimit.Middleware.ClientRateLimitMiddleware|requestId: 80000028-0005-ff00-b63f-84710c7967bb, previousRequestId: no previous request id, message: EndpointRateLimiting is not enabled for /api/users/uploadImage 
2022-07-14 17:27:22.3252||INFO|Ocelot.Authentication.Middleware.AuthenticationMiddleware|requestId: 80000028-0005-ff00-b63f-84710c7967bb, previousRequestId: no previous request id, message: No authentication needed for /api/users/uploadImage 
2022-07-14 17:27:22.3252||INFO|Ocelot.Authorisation.Middleware.AuthorisationMiddleware|requestId: 80000028-0005-ff00-b63f-84710c7967bb, previousRequestId: no previous request id, message: /api/users/uploadImage route does not require user to be authorised 
2022-07-14 17:27:22.7467||INFO|Ocelot.Requester.Middleware.HttpRequesterMiddleware|requestId: 80000028-0005-ff00-b63f-84710c7967bb, previousRequestId: no previous request id, message: 200 (OK) status code, request uri: https://localhost:44305/api/users/uploadImage 
2022-07-14 17:27:24.0382||INFO|Ocelot.RateLimit.Middleware.ClientRateLimitMiddleware|requestId: 8000000b-0004-fb00-b63f-84710c7967bb, previousRequestId: no previous request id, message: EndpointRateLimiting is not enabled for /api/users/{id} 
2022-07-14 17:27:24.0382||INFO|Ocelot.Authentication.Middleware.AuthenticationMiddleware|requestId: 8000000b-0004-fb00-b63f-84710c7967bb, previousRequestId: no previous request id, message: No authentication needed for /api/users/image 
2022-07-14 17:27:24.0580||INFO|Ocelot.Authorisation.Middleware.AuthorisationMiddleware|requestId: 8000000b-0004-fb00-b63f-84710c7967bb, previousRequestId: no previous request id, message: /api/users/{id} route does not require user to be authorised 
2022-07-14 17:27:24.1045||INFO|Ocelot.Requester.Middleware.HttpRequesterMiddleware|requestId: 8000000b-0004-fb00-b63f-84710c7967bb, previousRequestId: no previous request id, message: 200 (OK) status code, request uri: https://localhost:44305/api/users/image 
