2022-07-11 21:25:23.3922||INFO|Microsoft.Hosting.Lifetime|Application started. Press Ctrl+C to shut down. 
2022-07-11 21:25:23.4422||INFO|Microsoft.Hosting.Lifetime|Hosting environment: Development 
2022-07-11 21:25:23.4552||INFO|Microsoft.Hosting.Lifetime|Content root path: C:\Users\elena\Downloads\lwl175novi\lwl175_folder\ServerApp-master\ServerApp-master\APIGateway 
2022-07-11 21:25:23.6996||WARN|Ocelot.DownstreamRouteFinder.Middleware.DownstreamRouteFinderMiddleware|requestId: 800000e7-0007-fc00-b63f-84710c7967bb, previousRequestId: no previous request id, message: DownstreamRouteFinderMiddleware setting pipeline errors. IDownstreamRouteFinder returned Error Code: UnableToFindDownstreamRouteError Message: Failed to match ReRoute configuration for upstream path: /swagger, verb: GET. 
2022-07-11 21:25:23.7085||WARN|Ocelot.DownstreamRouteFinder.Middleware.DownstreamRouteFinderMiddleware|requestId: 800000e7-0007-fc00-b63f-84710c7967bb, previousRequestId: no previous request id, message: Failed to match ReRoute configuration for upstream path: /swagger, verb: GET. 
2022-07-11 21:25:23.7085||WARN|Ocelot.Responder.Middleware.ResponderMiddleware|requestId: 800000e7-0007-fc00-b63f-84710c7967bb, previousRequestId: no previous request id, message: Error Code: UnableToFindDownstreamRouteError Message: Failed to match ReRoute configuration for upstream path: /swagger, verb: GET. errors found in ResponderMiddleware. Setting error response for request path:/swagger, request method: GET 
2022-07-11 21:25:50.6365||INFO|Ocelot.RateLimit.Middleware.ClientRateLimitMiddleware|requestId: 80000002-0004-fa00-b63f-84710c7967bb, previousRequestId: no previous request id, message: EndpointRateLimiting is not enabled for /api/users 
2022-07-11 21:25:50.6644||INFO|Ocelot.Authentication.Middleware.AuthenticationMiddleware|requestId: 80000002-0004-fa00-b63f-84710c7967bb, previousRequestId: no previous request id, message: No authentication needed for /api/users 
2022-07-11 21:25:50.6743||INFO|Ocelot.Authorisation.Middleware.AuthorisationMiddleware|requestId: 80000002-0004-fa00-b63f-84710c7967bb, previousRequestId: no previous request id, message: /api/users route does not require user to be authorised 
2022-07-11 21:25:52.3967||INFO|Ocelot.Requester.Middleware.HttpRequesterMiddleware|requestId: 80000002-0004-fa00-b63f-84710c7967bb, previousRequestId: no previous request id, message: 200 (OK) status code, request uri: https://localhost:44305/api/users 
2022-07-11 21:25:52.4741||WARN|Ocelot.DownstreamRouteFinder.Middleware.DownstreamRouteFinderMiddleware|requestId: 80000004-0004-fa00-b63f-84710c7967bb, previousRequestId: no previous request id, message: DownstreamRouteFinderMiddleware setting pipeline errors. IDownstreamRouteFinder returned Error Code: UnableToFindDownstreamRouteError Message: Failed to match ReRoute configuration for upstream path: /favicon.ico, verb: GET. 
2022-07-11 21:25:52.4741||WARN|Ocelot.DownstreamRouteFinder.Middleware.DownstreamRouteFinderMiddleware|requestId: 80000004-0004-fa00-b63f-84710c7967bb, previousRequestId: no previous request id, message: Failed to match ReRoute configuration for upstream path: /favicon.ico, verb: GET. 
2022-07-11 21:25:52.4888||WARN|Ocelot.Responder.Middleware.ResponderMiddleware|requestId: 80000004-0004-fa00-b63f-84710c7967bb, previousRequestId: no previous request id, message: Error Code: UnableToFindDownstreamRouteError Message: Failed to match ReRoute configuration for upstream path: /favicon.ico, verb: GET. errors found in ResponderMiddleware. Setting error response for request path:/favicon.ico, request method: GET 
2022-07-11 21:26:35.4042||INFO|Ocelot.RateLimit.Middleware.ClientRateLimitMiddleware|requestId: 80000025-0002-fb00-b63f-84710c7967bb, previousRequestId: no previous request id, message: EndpointRateLimiting is not enabled for /api/users/login 
2022-07-11 21:26:35.4072||INFO|Ocelot.Authentication.Middleware.AuthenticationMiddleware|requestId: 80000025-0002-fb00-b63f-84710c7967bb, previousRequestId: no previous request id, message: No authentication needed for /api/users/login 
2022-07-11 21:26:35.4072||INFO|Ocelot.Authorisation.Middleware.AuthorisationMiddleware|requestId: 80000025-0002-fb00-b63f-84710c7967bb, previousRequestId: no previous request id, message: /api/users/login route does not require user to be authorised 
2022-07-11 21:26:35.6193||INFO|Ocelot.Requester.Middleware.HttpRequesterMiddleware|requestId: 80000025-0002-fb00-b63f-84710c7967bb, previousRequestId: no previous request id, message: 204 (No Content) status code, request uri: https://localhost:44305/api/users/login 
2022-07-11 21:27:05.6932||INFO|Ocelot.RateLimit.Middleware.ClientRateLimitMiddleware|requestId: 80000011-0005-fc00-b63f-84710c7967bb, previousRequestId: no previous request id, message: EndpointRateLimiting is not enabled for /api/users 
2022-07-11 21:27:05.6932||INFO|Ocelot.Authentication.Middleware.AuthenticationMiddleware|requestId: 80000011-0005-fc00-b63f-84710c7967bb, previousRequestId: no previous request id, message: No authentication needed for /api/users 
2022-07-11 21:27:05.7081||INFO|Ocelot.Authorisation.Middleware.AuthorisationMiddleware|requestId: 80000011-0005-fc00-b63f-84710c7967bb, previousRequestId: no previous request id, message: /api/users route does not require user to be authorised 
2022-07-11 21:27:05.9406||INFO|Ocelot.Requester.Middleware.HttpRequesterMiddleware|requestId: 80000011-0005-fc00-b63f-84710c7967bb, previousRequestId: no previous request id, message: 200 (OK) status code, request uri: https://localhost:44305/api/users 
2022-07-11 21:27:15.4614||INFO|Ocelot.RateLimit.Middleware.ClientRateLimitMiddleware|requestId: 80000014-0006-fc00-b63f-84710c7967bb, previousRequestId: no previous request id, message: EndpointRateLimiting is not enabled for /api/users/login 
2022-07-11 21:27:15.4614||INFO|Ocelot.Authentication.Middleware.AuthenticationMiddleware|requestId: 80000014-0006-fc00-b63f-84710c7967bb, previousRequestId: no previous request id, message: No authentication needed for /api/users/login 
2022-07-11 21:27:15.4614||INFO|Ocelot.Authorisation.Middleware.AuthorisationMiddleware|requestId: 80000014-0006-fc00-b63f-84710c7967bb, previousRequestId: no previous request id, message: /api/users/login route does not require user to be authorised 
2022-07-11 21:27:15.7740||INFO|Ocelot.Requester.Middleware.HttpRequesterMiddleware|requestId: 80000014-0006-fc00-b63f-84710c7967bb, previousRequestId: no previous request id, message: 200 (OK) status code, request uri: https://localhost:44305/api/users/login 
2022-07-11 21:27:23.3349||INFO|Ocelot.RateLimit.Middleware.ClientRateLimitMiddleware|requestId: 80000044-0000-fd00-b63f-84710c7967bb, previousRequestId: no previous request id, message: EndpointRateLimiting is not enabled for /api/products 
2022-07-11 21:27:23.3349||INFO|Ocelot.Authentication.Middleware.AuthenticationMiddleware|requestId: 80000044-0000-fd00-b63f-84710c7967bb, previousRequestId: no previous request id, message: No authentication needed for /api/products 
2022-07-11 21:27:23.3349||INFO|Ocelot.Authorisation.Middleware.AuthorisationMiddleware|requestId: 80000044-0000-fd00-b63f-84710c7967bb, previousRequestId: no previous request id, message: /api/products route does not require user to be authorised 
2022-07-11 21:27:25.8303||INFO|Ocelot.Requester.Middleware.HttpRequesterMiddleware|requestId: 80000044-0000-fd00-b63f-84710c7967bb, previousRequestId: no previous request id, message: 200 (OK) status code, request uri: https://localhost:44343/api/products 
2022-07-11 21:27:36.0728||INFO|Ocelot.RateLimit.Middleware.ClientRateLimitMiddleware|requestId: 80000048-0000-fd00-b63f-84710c7967bb, previousRequestId: no previous request id, message: EndpointRateLimiting is not enabled for /api/Order/history 
2022-07-11 21:27:36.0728||INFO|Ocelot.Authentication.Middleware.AuthenticationMiddleware|requestId: 80000048-0000-fd00-b63f-84710c7967bb, previousRequestId: no previous request id, message: No authentication needed for /api/Order/history 
2022-07-11 21:27:36.0833||INFO|Ocelot.Authorisation.Middleware.AuthorisationMiddleware|requestId: 80000048-0000-fd00-b63f-84710c7967bb, previousRequestId: no previous request id, message: /api/Order/history route does not require user to be authorised 
2022-07-11 21:27:36.3557||INFO|Ocelot.Requester.Middleware.HttpRequesterMiddleware|requestId: 80000048-0000-fd00-b63f-84710c7967bb, previousRequestId: no previous request id, message: 200 (OK) status code, request uri: https://localhost:44343/api/Order/history 
2022-07-11 21:27:37.6313||INFO|Ocelot.RateLimit.Middleware.ClientRateLimitMiddleware|requestId: 80000013-0005-fc00-b63f-84710c7967bb, previousRequestId: no previous request id, message: EndpointRateLimiting is not enabled for /api/Order/currentOrder 
2022-07-11 21:27:37.6313||INFO|Ocelot.Authentication.Middleware.AuthenticationMiddleware|requestId: 80000013-0005-fc00-b63f-84710c7967bb, previousRequestId: no previous request id, message: No authentication needed for /api/Order/currentOrder 
2022-07-11 21:27:37.6313||INFO|Ocelot.Authorisation.Middleware.AuthorisationMiddleware|requestId: 80000013-0005-fc00-b63f-84710c7967bb, previousRequestId: no previous request id, message: /api/Order/currentOrder route does not require user to be authorised 
2022-07-11 21:27:37.7266||INFO|Ocelot.Requester.Middleware.HttpRequesterMiddleware|requestId: 80000013-0005-fc00-b63f-84710c7967bb, previousRequestId: no previous request id, message: 204 (No Content) status code, request uri: https://localhost:44343/api/Order/currentOrder 
2022-07-11 21:27:38.9753||INFO|Ocelot.RateLimit.Middleware.ClientRateLimitMiddleware|requestId: 8000000a-0004-f900-b63f-84710c7967bb, previousRequestId: no previous request id, message: EndpointRateLimiting is not enabled for /api/products 
2022-07-11 21:27:38.9753||INFO|Ocelot.Authentication.Middleware.AuthenticationMiddleware|requestId: 8000000a-0004-f900-b63f-84710c7967bb, previousRequestId: no previous request id, message: No authentication needed for /api/products 
2022-07-11 21:27:38.9753||INFO|Ocelot.Authorisation.Middleware.AuthorisationMiddleware|requestId: 8000000a-0004-f900-b63f-84710c7967bb, previousRequestId: no previous request id, message: /api/products route does not require user to be authorised 
2022-07-11 21:27:39.0061||INFO|Ocelot.Requester.Middleware.HttpRequesterMiddleware|requestId: 8000000a-0004-f900-b63f-84710c7967bb, previousRequestId: no previous request id, message: 200 (OK) status code, request uri: https://localhost:44343/api/products 
2022-07-11 21:27:39.4995||INFO|Ocelot.RateLimit.Middleware.ClientRateLimitMiddleware|requestId: 80000029-0002-fb00-b63f-84710c7967bb, previousRequestId: no previous request id, message: EndpointRateLimiting is not enabled for /api/users/{id} 
2022-07-11 21:27:39.5016||INFO|Ocelot.RateLimit.Middleware.ClientRateLimitMiddleware|requestId: 80000025-0002-fd00-b63f-84710c7967bb, previousRequestId: no previous request id, message: EndpointRateLimiting is not enabled for /api/users/{id} 
2022-07-11 21:27:39.5016||INFO|Ocelot.Authentication.Middleware.AuthenticationMiddleware|requestId: 80000029-0002-fb00-b63f-84710c7967bb, previousRequestId: no previous request id, message: No authentication needed for /api/users/username/milica 
2022-07-11 21:27:39.5016||INFO|Ocelot.Authentication.Middleware.AuthenticationMiddleware|requestId: 80000025-0002-fd00-b63f-84710c7967bb, previousRequestId: no previous request id, message: No authentication needed for /api/users/image 
2022-07-11 21:27:39.5016||INFO|Ocelot.Authorisation.Middleware.AuthorisationMiddleware|requestId: 80000029-0002-fb00-b63f-84710c7967bb, previousRequestId: no previous request id, message: /api/users/{id} route does not require user to be authorised 
2022-07-11 21:27:39.5016||INFO|Ocelot.Authorisation.Middleware.AuthorisationMiddleware|requestId: 80000025-0002-fd00-b63f-84710c7967bb, previousRequestId: no previous request id, message: /api/users/{id} route does not require user to be authorised 
2022-07-11 21:27:39.6794||INFO|Ocelot.Requester.Middleware.HttpRequesterMiddleware|requestId: 80000029-0002-fb00-b63f-84710c7967bb, previousRequestId: no previous request id, message: 200 (OK) status code, request uri: https://localhost:44305/api/users/username/milica 
2022-07-11 21:27:39.8242||WARN|Ocelot.Requester.Middleware.HttpRequesterMiddleware|requestId: 80000025-0002-fd00-b63f-84710c7967bb, previousRequestId: no previous request id, message: 500 (Internal Server Error) status code, request uri: https://localhost:44305/api/users/image 
2022-07-11 21:27:43.6340||INFO|Ocelot.RateLimit.Middleware.ClientRateLimitMiddleware|requestId: 8000004c-0000-fd00-b63f-84710c7967bb, previousRequestId: no previous request id, message: EndpointRateLimiting is not enabled for /api/products 
2022-07-11 21:27:43.6340||INFO|Ocelot.Authentication.Middleware.AuthenticationMiddleware|requestId: 8000004c-0000-fd00-b63f-84710c7967bb, previousRequestId: no previous request id, message: No authentication needed for /api/products 
2022-07-11 21:27:43.6512||INFO|Ocelot.Authorisation.Middleware.AuthorisationMiddleware|requestId: 8000004c-0000-fd00-b63f-84710c7967bb, previousRequestId: no previous request id, message: /api/products route does not require user to be authorised 
2022-07-11 21:27:43.6886||INFO|Ocelot.Requester.Middleware.HttpRequesterMiddleware|requestId: 8000004c-0000-fd00-b63f-84710c7967bb, previousRequestId: no previous request id, message: 200 (OK) status code, request uri: https://localhost:44343/api/products 
2022-07-11 21:29:56.1503||INFO|Ocelot.RateLimit.Middleware.ClientRateLimitMiddleware|requestId: 80000071-0003-fd00-b63f-84710c7967bb, previousRequestId: no previous request id, message: EndpointRateLimiting is not enabled for /api/users 
2022-07-11 21:29:56.1503||INFO|Ocelot.Authentication.Middleware.AuthenticationMiddleware|requestId: 80000071-0003-fd00-b63f-84710c7967bb, previousRequestId: no previous request id, message: No authentication needed for /api/users 
2022-07-11 21:29:56.1617||INFO|Ocelot.Authorisation.Middleware.AuthorisationMiddleware|requestId: 80000071-0003-fd00-b63f-84710c7967bb, previousRequestId: no previous request id, message: /api/users route does not require user to be authorised 
2022-07-11 21:29:56.2001||INFO|Ocelot.Requester.Middleware.HttpRequesterMiddleware|requestId: 80000071-0003-fd00-b63f-84710c7967bb, previousRequestId: no previous request id, message: 200 (OK) status code, request uri: https://localhost:44305/api/users 
2022-07-11 21:30:48.7884||INFO|Ocelot.RateLimit.Middleware.ClientRateLimitMiddleware|requestId: 80000027-0002-fd00-b63f-84710c7967bb, previousRequestId: no previous request id, message: EndpointRateLimiting is not enabled for /api/users/login 
2022-07-11 21:30:48.7884||INFO|Ocelot.Authentication.Middleware.AuthenticationMiddleware|requestId: 80000027-0002-fd00-b63f-84710c7967bb, previousRequestId: no previous request id, message: No authentication needed for /api/users/login 
2022-07-11 21:30:48.8097||INFO|Ocelot.Authorisation.Middleware.AuthorisationMiddleware|requestId: 80000027-0002-fd00-b63f-84710c7967bb, previousRequestId: no previous request id, message: /api/users/login route does not require user to be authorised 
2022-07-11 21:30:48.8425||INFO|Ocelot.Requester.Middleware.HttpRequesterMiddleware|requestId: 80000027-0002-fd00-b63f-84710c7967bb, previousRequestId: no previous request id, message: 200 (OK) status code, request uri: https://localhost:44305/api/users/login 
2022-07-11 21:33:47.9270||INFO|Ocelot.RateLimit.Middleware.ClientRateLimitMiddleware|requestId: 80000019-0005-fc00-b63f-84710c7967bb, previousRequestId: no previous request id, message: EndpointRateLimiting is not enabled for /api/users/login 
2022-07-11 21:33:47.9270||INFO|Ocelot.Authentication.Middleware.AuthenticationMiddleware|requestId: 80000019-0005-fc00-b63f-84710c7967bb, previousRequestId: no previous request id, message: No authentication needed for /api/users/login 
2022-07-11 21:33:47.9390||INFO|Ocelot.Authorisation.Middleware.AuthorisationMiddleware|requestId: 80000019-0005-fc00-b63f-84710c7967bb, previousRequestId: no previous request id, message: /api/users/login route does not require user to be authorised 
2022-07-11 21:33:49.3927||INFO|Ocelot.Requester.Middleware.HttpRequesterMiddleware|requestId: 80000019-0005-fc00-b63f-84710c7967bb, previousRequestId: no previous request id, message: 200 (OK) status code, request uri: https://localhost:44305/api/users/login 
2022-07-11 21:34:25.3326||INFO|Ocelot.RateLimit.Middleware.ClientRateLimitMiddleware|requestId: 80000009-0004-fc00-b63f-84710c7967bb, previousRequestId: no previous request id, message: EndpointRateLimiting is not enabled for /api/users/login 
2022-07-11 21:34:25.3326||INFO|Ocelot.Authentication.Middleware.AuthenticationMiddleware|requestId: 80000009-0004-fc00-b63f-84710c7967bb, previousRequestId: no previous request id, message: No authentication needed for /api/users/login 
2022-07-11 21:34:25.3537||INFO|Ocelot.Authorisation.Middleware.AuthorisationMiddleware|requestId: 80000009-0004-fc00-b63f-84710c7967bb, previousRequestId: no previous request id, message: /api/users/login route does not require user to be authorised 
2022-07-11 21:34:25.4283||INFO|Ocelot.Requester.Middleware.HttpRequesterMiddleware|requestId: 80000009-0004-fc00-b63f-84710c7967bb, previousRequestId: no previous request id, message: 200 (OK) status code, request uri: https://localhost:44305/api/users/login 
2022-07-11 21:35:36.3868||INFO|Ocelot.RateLimit.Middleware.ClientRateLimitMiddleware|requestId: 80000004-0006-fb00-b63f-84710c7967bb, previousRequestId: no previous request id, message: EndpointRateLimiting is not enabled for /api/users/login 
2022-07-11 21:35:36.3868||INFO|Ocelot.Authentication.Middleware.AuthenticationMiddleware|requestId: 80000004-0006-fb00-b63f-84710c7967bb, previousRequestId: no previous request id, message: No authentication needed for /api/users/login 
2022-07-11 21:35:36.3952||INFO|Ocelot.Authorisation.Middleware.AuthorisationMiddleware|requestId: 80000004-0006-fb00-b63f-84710c7967bb, previousRequestId: no previous request id, message: /api/users/login route does not require user to be authorised 
2022-07-11 21:35:36.4845||INFO|Ocelot.Requester.Middleware.HttpRequesterMiddleware|requestId: 80000004-0006-fb00-b63f-84710c7967bb, previousRequestId: no previous request id, message: 200 (OK) status code, request uri: https://localhost:44305/api/users/login 
2022-07-11 21:37:28.4550||INFO|Ocelot.RateLimit.Middleware.ClientRateLimitMiddleware|requestId: 8000000b-0007-fb00-b63f-84710c7967bb, previousRequestId: no previous request id, message: EndpointRateLimiting is not enabled for /api/users/login 
2022-07-11 21:37:28.4550||INFO|Ocelot.Authentication.Middleware.AuthenticationMiddleware|requestId: 8000000b-0007-fb00-b63f-84710c7967bb, previousRequestId: no previous request id, message: No authentication needed for /api/users/login 
2022-07-11 21:37:28.4550||INFO|Ocelot.Authorisation.Middleware.AuthorisationMiddleware|requestId: 8000000b-0007-fb00-b63f-84710c7967bb, previousRequestId: no previous request id, message: /api/users/login route does not require user to be authorised 
2022-07-11 21:37:30.0678||INFO|Ocelot.Requester.Middleware.HttpRequesterMiddleware|requestId: 8000000b-0007-fb00-b63f-84710c7967bb, previousRequestId: no previous request id, message: 200 (OK) status code, request uri: https://localhost:44305/api/users/login 
2022-07-11 21:37:32.7807||INFO|Ocelot.RateLimit.Middleware.ClientRateLimitMiddleware|requestId: 8000000d-0007-fb00-b63f-84710c7967bb, previousRequestId: no previous request id, message: EndpointRateLimiting is not enabled for /api/Order 
2022-07-11 21:37:32.7840||INFO|Ocelot.Authentication.Middleware.AuthenticationMiddleware|requestId: 8000000d-0007-fb00-b63f-84710c7967bb, previousRequestId: no previous request id, message: No authentication needed for /api/Order 
2022-07-11 21:37:32.7840||INFO|Ocelot.Authorisation.Middleware.AuthorisationMiddleware|requestId: 8000000d-0007-fb00-b63f-84710c7967bb, previousRequestId: no previous request id, message: /api/Order route does not require user to be authorised 
2022-07-11 21:37:32.8587||INFO|Ocelot.Requester.Middleware.HttpRequesterMiddleware|requestId: 8000000d-0007-fb00-b63f-84710c7967bb, previousRequestId: no previous request id, message: 200 (OK) status code, request uri: https://localhost:44343/api/Order 
2022-07-11 21:37:34.9157||INFO|Ocelot.RateLimit.Middleware.ClientRateLimitMiddleware|requestId: 800000df-0006-fd00-b63f-84710c7967bb, previousRequestId: no previous request id, message: EndpointRateLimiting is not enabled for /api/users/{id} 
2022-07-11 21:37:34.9157||INFO|Ocelot.Authentication.Middleware.AuthenticationMiddleware|requestId: 800000df-0006-fd00-b63f-84710c7967bb, previousRequestId: no previous request id, message: No authentication needed for /api/users/Unactivated 
2022-07-11 21:37:34.9277||INFO|Ocelot.Authorisation.Middleware.AuthorisationMiddleware|requestId: 800000df-0006-fd00-b63f-84710c7967bb, previousRequestId: no previous request id, message: /api/users/{id} route does not require user to be authorised 
2022-07-11 21:37:35.0633||INFO|Ocelot.Requester.Middleware.HttpRequesterMiddleware|requestId: 800000df-0006-fd00-b63f-84710c7967bb, previousRequestId: no previous request id, message: 200 (OK) status code, request uri: https://localhost:44305/api/users/Unactivated 
2022-07-11 21:37:37.5919||INFO|Ocelot.RateLimit.Middleware.ClientRateLimitMiddleware|requestId: 8000000d-0004-fc00-b63f-84710c7967bb, previousRequestId: no previous request id, message: EndpointRateLimiting is not enabled for /api/Order 
2022-07-11 21:37:37.5992||INFO|Ocelot.Authentication.Middleware.AuthenticationMiddleware|requestId: 8000000d-0004-fc00-b63f-84710c7967bb, previousRequestId: no previous request id, message: No authentication needed for /api/Order 
2022-07-11 21:37:37.5992||INFO|Ocelot.Authorisation.Middleware.AuthorisationMiddleware|requestId: 8000000d-0004-fc00-b63f-84710c7967bb, previousRequestId: no previous request id, message: /api/Order route does not require user to be authorised 
2022-07-11 21:37:37.6320||INFO|Ocelot.Requester.Middleware.HttpRequesterMiddleware|requestId: 8000000d-0004-fc00-b63f-84710c7967bb, previousRequestId: no previous request id, message: 200 (OK) status code, request uri: https://localhost:44343/api/Order 
2022-07-11 21:37:40.4391||INFO|Ocelot.RateLimit.Middleware.ClientRateLimitMiddleware|requestId: 80000053-0000-fd00-b63f-84710c7967bb, previousRequestId: no previous request id, message: EndpointRateLimiting is not enabled for /api/users/{id} 
2022-07-11 21:37:40.4391||INFO|Ocelot.RateLimit.Middleware.ClientRateLimitMiddleware|requestId: 8000005c-0001-ff00-b63f-84710c7967bb, previousRequestId: no previous request id, message: EndpointRateLimiting is not enabled for /api/users/{id} 
2022-07-11 21:37:40.4391||INFO|Ocelot.Authentication.Middleware.AuthenticationMiddleware|requestId: 80000053-0000-fd00-b63f-84710c7967bb, previousRequestId: no previous request id, message: No authentication needed for /api/users/image 
2022-07-11 21:37:40.4391||INFO|Ocelot.Authentication.Middleware.AuthenticationMiddleware|requestId: 8000005c-0001-ff00-b63f-84710c7967bb, previousRequestId: no previous request id, message: No authentication needed for /api/users/username/admin 
2022-07-11 21:37:40.4391||INFO|Ocelot.Authorisation.Middleware.AuthorisationMiddleware|requestId: 80000053-0000-fd00-b63f-84710c7967bb, previousRequestId: no previous request id, message: /api/users/{id} route does not require user to be authorised 
2022-07-11 21:37:40.4569||INFO|Ocelot.Authorisation.Middleware.AuthorisationMiddleware|requestId: 8000005c-0001-ff00-b63f-84710c7967bb, previousRequestId: no previous request id, message: /api/users/{id} route does not require user to be authorised 
2022-07-11 21:37:40.5621||INFO|Ocelot.Requester.Middleware.HttpRequesterMiddleware|requestId: 8000005c-0001-ff00-b63f-84710c7967bb, previousRequestId: no previous request id, message: 200 (OK) status code, request uri: https://localhost:44305/api/users/username/admin 
2022-07-11 21:37:40.6450||WARN|Ocelot.Requester.Middleware.HttpRequesterMiddleware|requestId: 80000053-0000-fd00-b63f-84710c7967bb, previousRequestId: no previous request id, message: 500 (Internal Server Error) status code, request uri: https://localhost:44305/api/users/image 
