2022-07-12 17:29:41.6884||INFO|Microsoft.Hosting.Lifetime|Application started. Press Ctrl+C to shut down. 
2022-07-12 17:29:41.7400||INFO|Microsoft.Hosting.Lifetime|Hosting environment: Development 
2022-07-12 17:29:41.7400||INFO|Microsoft.Hosting.Lifetime|Content root path: C:\Users\elena\Downloads\lwl175novi\lwl175_folder\ServerApp-master\ServerApp-master\APIGateway 
2022-07-12 17:29:41.9670||WARN|Ocelot.DownstreamRouteFinder.Middleware.DownstreamRouteFinderMiddleware|requestId: 80000002-0007-f900-b63f-84710c7967bb, previousRequestId: no previous request id, message: DownstreamRouteFinderMiddleware setting pipeline errors. IDownstreamRouteFinder returned Error Code: UnableToFindDownstreamRouteError Message: Failed to match ReRoute configuration for upstream path: /swagger, verb: GET. 
2022-07-12 17:29:41.9714||WARN|Ocelot.DownstreamRouteFinder.Middleware.DownstreamRouteFinderMiddleware|requestId: 80000002-0007-f900-b63f-84710c7967bb, previousRequestId: no previous request id, message: Failed to match ReRoute configuration for upstream path: /swagger, verb: GET. 
2022-07-12 17:29:41.9714||WARN|Ocelot.Responder.Middleware.ResponderMiddleware|requestId: 80000002-0007-f900-b63f-84710c7967bb, previousRequestId: no previous request id, message: Error Code: UnableToFindDownstreamRouteError Message: Failed to match ReRoute configuration for upstream path: /swagger, verb: GET. errors found in ResponderMiddleware. Setting error response for request path:/swagger, request method: GET 
2022-07-12 17:31:27.6119||INFO|Ocelot.RateLimit.Middleware.ClientRateLimitMiddleware|requestId: 80000030-0002-fd00-b63f-84710c7967bb, previousRequestId: no previous request id, message: EndpointRateLimiting is not enabled for /api/users/login 
2022-07-12 17:31:27.6407||INFO|Ocelot.Authentication.Middleware.AuthenticationMiddleware|requestId: 80000030-0002-fd00-b63f-84710c7967bb, previousRequestId: no previous request id, message: No authentication needed for /api/users/login 
2022-07-12 17:31:27.6487||INFO|Ocelot.Authorisation.Middleware.AuthorisationMiddleware|requestId: 80000030-0002-fd00-b63f-84710c7967bb, previousRequestId: no previous request id, message: /api/users/login route does not require user to be authorised 
2022-07-12 17:31:30.3686||INFO|Ocelot.Requester.Middleware.HttpRequesterMiddleware|requestId: 80000030-0002-fd00-b63f-84710c7967bb, previousRequestId: no previous request id, message: 200 (OK) status code, request uri: https://localhost:44305/api/users/login 
2022-07-12 17:37:24.5891||INFO|Ocelot.RateLimit.Middleware.ClientRateLimitMiddleware|requestId: 8000002f-0006-ff00-b63f-84710c7967bb, previousRequestId: no previous request id, message: EndpointRateLimiting is not enabled for /api/products 
2022-07-12 17:37:24.5891||INFO|Ocelot.Authentication.Middleware.AuthenticationMiddleware|requestId: 8000002f-0006-ff00-b63f-84710c7967bb, previousRequestId: no previous request id, message: No authentication needed for /api/products 
2022-07-12 17:37:24.5986||INFO|Ocelot.Authorisation.Middleware.AuthorisationMiddleware|requestId: 8000002f-0006-ff00-b63f-84710c7967bb, previousRequestId: no previous request id, message: /api/products route does not require user to be authorised 
2022-07-12 17:37:26.9574||INFO|Ocelot.Requester.Middleware.HttpRequesterMiddleware|requestId: 8000002f-0006-ff00-b63f-84710c7967bb, previousRequestId: no previous request id, message: 200 (OK) status code, request uri: https://localhost:44343/api/products 
2022-07-12 17:37:30.4619||INFO|Ocelot.RateLimit.Middleware.ClientRateLimitMiddleware|requestId: 80000031-0006-ff00-b63f-84710c7967bb, previousRequestId: no previous request id, message: EndpointRateLimiting is not enabled for /api/users/{id} 
2022-07-12 17:37:30.4619||INFO|Ocelot.Authentication.Middleware.AuthenticationMiddleware|requestId: 80000031-0006-ff00-b63f-84710c7967bb, previousRequestId: no previous request id, message: No authentication needed for /api/users/image 
2022-07-12 17:37:30.4619||INFO|Ocelot.Authorisation.Middleware.AuthorisationMiddleware|requestId: 80000031-0006-ff00-b63f-84710c7967bb, previousRequestId: no previous request id, message: /api/users/{id} route does not require user to be authorised 
2022-07-12 17:37:30.4847||INFO|Ocelot.RateLimit.Middleware.ClientRateLimitMiddleware|requestId: 80000036-0002-fd00-b63f-84710c7967bb, previousRequestId: no previous request id, message: EndpointRateLimiting is not enabled for /api/users/{id} 
2022-07-12 17:37:30.4911||INFO|Ocelot.Authentication.Middleware.AuthenticationMiddleware|requestId: 80000036-0002-fd00-b63f-84710c7967bb, previousRequestId: no previous request id, message: No authentication needed for /api/users/username/admin 
2022-07-12 17:37:30.4911||INFO|Ocelot.Authorisation.Middleware.AuthorisationMiddleware|requestId: 80000036-0002-fd00-b63f-84710c7967bb, previousRequestId: no previous request id, message: /api/users/{id} route does not require user to be authorised 
2022-07-12 17:37:30.6866||INFO|Ocelot.Requester.Middleware.HttpRequesterMiddleware|requestId: 80000036-0002-fd00-b63f-84710c7967bb, previousRequestId: no previous request id, message: 200 (OK) status code, request uri: https://localhost:44305/api/users/username/admin 
2022-07-12 17:37:30.8112||WARN|Ocelot.Requester.Middleware.HttpRequesterMiddleware|requestId: 80000031-0006-ff00-b63f-84710c7967bb, previousRequestId: no previous request id, message: 500 (Internal Server Error) status code, request uri: https://localhost:44305/api/users/image 
2022-07-12 17:37:43.0968||INFO|Ocelot.RateLimit.Middleware.ClientRateLimitMiddleware|requestId: 80000033-0006-ff00-b63f-84710c7967bb, previousRequestId: no previous request id, message: EndpointRateLimiting is not enabled for /api/users/uploadImage 
2022-07-12 17:37:43.0968||INFO|Ocelot.Authentication.Middleware.AuthenticationMiddleware|requestId: 80000033-0006-ff00-b63f-84710c7967bb, previousRequestId: no previous request id, message: No authentication needed for /api/users/uploadImage 
2022-07-12 17:37:43.0968||INFO|Ocelot.Authorisation.Middleware.AuthorisationMiddleware|requestId: 80000033-0006-ff00-b63f-84710c7967bb, previousRequestId: no previous request id, message: /api/users/uploadImage route does not require user to be authorised 
2022-07-12 17:37:43.2527||INFO|Ocelot.Requester.Middleware.HttpRequesterMiddleware|requestId: 80000033-0006-ff00-b63f-84710c7967bb, previousRequestId: no previous request id, message: 200 (OK) status code, request uri: https://localhost:44305/api/users/uploadImage 
2022-07-12 17:37:44.5196||INFO|Ocelot.RateLimit.Middleware.ClientRateLimitMiddleware|requestId: 80000024-0000-fc00-b63f-84710c7967bb, previousRequestId: no previous request id, message: EndpointRateLimiting is not enabled for /api/users/{id} 
2022-07-12 17:37:44.5196||INFO|Ocelot.Authentication.Middleware.AuthenticationMiddleware|requestId: 80000024-0000-fc00-b63f-84710c7967bb, previousRequestId: no previous request id, message: No authentication needed for /api/users/image 
2022-07-12 17:37:44.5196||INFO|Ocelot.Authorisation.Middleware.AuthorisationMiddleware|requestId: 80000024-0000-fc00-b63f-84710c7967bb, previousRequestId: no previous request id, message: /api/users/{id} route does not require user to be authorised 
2022-07-12 17:37:44.5536||INFO|Ocelot.Requester.Middleware.HttpRequesterMiddleware|requestId: 80000024-0000-fc00-b63f-84710c7967bb, previousRequestId: no previous request id, message: 200 (OK) status code, request uri: https://localhost:44305/api/users/image 
2022-07-12 17:37:50.1584||INFO|Ocelot.RateLimit.Middleware.ClientRateLimitMiddleware|requestId: 80000026-0000-fc00-b63f-84710c7967bb, previousRequestId: no previous request id, message: EndpointRateLimiting is not enabled for /api/Order 
2022-07-12 17:37:50.1584||INFO|Ocelot.Authentication.Middleware.AuthenticationMiddleware|requestId: 80000026-0000-fc00-b63f-84710c7967bb, previousRequestId: no previous request id, message: No authentication needed for /api/Order 
2022-07-12 17:37:50.1584||INFO|Ocelot.Authorisation.Middleware.AuthorisationMiddleware|requestId: 80000026-0000-fc00-b63f-84710c7967bb, previousRequestId: no previous request id, message: /api/Order route does not require user to be authorised 
2022-07-12 17:37:50.5749||INFO|Ocelot.Requester.Middleware.HttpRequesterMiddleware|requestId: 80000026-0000-fc00-b63f-84710c7967bb, previousRequestId: no previous request id, message: 200 (OK) status code, request uri: https://localhost:44343/api/Order 
2022-07-12 17:37:51.9128||INFO|Ocelot.RateLimit.Middleware.ClientRateLimitMiddleware|requestId: 8000004b-0004-fd00-b63f-84710c7967bb, previousRequestId: no previous request id, message: EndpointRateLimiting is not enabled for /api/users/{id} 
2022-07-12 17:37:51.9128||INFO|Ocelot.Authentication.Middleware.AuthenticationMiddleware|requestId: 8000004b-0004-fd00-b63f-84710c7967bb, previousRequestId: no previous request id, message: No authentication needed for /api/users/Unactivated 
2022-07-12 17:37:51.9128||INFO|Ocelot.Authorisation.Middleware.AuthorisationMiddleware|requestId: 8000004b-0004-fd00-b63f-84710c7967bb, previousRequestId: no previous request id, message: /api/users/{id} route does not require user to be authorised 
2022-07-12 17:37:51.9741||INFO|Ocelot.Requester.Middleware.HttpRequesterMiddleware|requestId: 8000004b-0004-fd00-b63f-84710c7967bb, previousRequestId: no previous request id, message: 200 (OK) status code, request uri: https://localhost:44305/api/users/Unactivated 
2022-07-12 17:37:55.4113||INFO|Ocelot.RateLimit.Middleware.ClientRateLimitMiddleware|requestId: 80000037-0006-ff00-b63f-84710c7967bb, previousRequestId: no previous request id, message: EndpointRateLimiting is not enabled for /api/users/{id} 
2022-07-12 17:37:55.4113||INFO|Ocelot.Authentication.Middleware.AuthenticationMiddleware|requestId: 80000037-0006-ff00-b63f-84710c7967bb, previousRequestId: no previous request id, message: No authentication needed for /api/users/Unactivated 
2022-07-12 17:37:55.4113||INFO|Ocelot.Authorisation.Middleware.AuthorisationMiddleware|requestId: 80000037-0006-ff00-b63f-84710c7967bb, previousRequestId: no previous request id, message: /api/users/{id} route does not require user to be authorised 
2022-07-12 17:37:55.4347||INFO|Ocelot.Requester.Middleware.HttpRequesterMiddleware|requestId: 80000037-0006-ff00-b63f-84710c7967bb, previousRequestId: no previous request id, message: 200 (OK) status code, request uri: https://localhost:44305/api/users/Unactivated 
2022-07-12 17:37:57.3886||INFO|Ocelot.RateLimit.Middleware.ClientRateLimitMiddleware|requestId: 8000004d-0004-fd00-b63f-84710c7967bb, previousRequestId: no previous request id, message: EndpointRateLimiting is not enabled for /api/Order 
2022-07-12 17:37:57.3934||INFO|Ocelot.Authentication.Middleware.AuthenticationMiddleware|requestId: 8000004d-0004-fd00-b63f-84710c7967bb, previousRequestId: no previous request id, message: No authentication needed for /api/Order 
2022-07-12 17:37:57.3934||INFO|Ocelot.Authorisation.Middleware.AuthorisationMiddleware|requestId: 8000004d-0004-fd00-b63f-84710c7967bb, previousRequestId: no previous request id, message: /api/Order route does not require user to be authorised 
2022-07-12 17:37:57.4357||INFO|Ocelot.Requester.Middleware.HttpRequesterMiddleware|requestId: 8000004d-0004-fd00-b63f-84710c7967bb, previousRequestId: no previous request id, message: 200 (OK) status code, request uri: https://localhost:44343/api/Order 
2022-07-12 17:38:32.5001||INFO|Ocelot.RateLimit.Middleware.ClientRateLimitMiddleware|requestId: 80000028-0000-fc00-b63f-84710c7967bb, previousRequestId: no previous request id, message: EndpointRateLimiting is not enabled for /api/products 
2022-07-12 17:38:32.5031||INFO|Ocelot.Authentication.Middleware.AuthenticationMiddleware|requestId: 80000028-0000-fc00-b63f-84710c7967bb, previousRequestId: no previous request id, message: No authentication needed for /api/products 
2022-07-12 17:38:32.5031||INFO|Ocelot.Authorisation.Middleware.AuthorisationMiddleware|requestId: 80000028-0000-fc00-b63f-84710c7967bb, previousRequestId: no previous request id, message: /api/products route does not require user to be authorised 
2022-07-12 17:38:32.5449||INFO|Ocelot.Requester.Middleware.HttpRequesterMiddleware|requestId: 80000028-0000-fc00-b63f-84710c7967bb, previousRequestId: no previous request id, message: 200 (OK) status code, request uri: https://localhost:44343/api/products 
2022-07-12 17:39:04.3882||INFO|Ocelot.RateLimit.Middleware.ClientRateLimitMiddleware|requestId: 80000004-0007-f900-b63f-84710c7967bb, previousRequestId: no previous request id, message: EndpointRateLimiting is not enabled for /api/products 
2022-07-12 17:39:04.3947||INFO|Ocelot.Authentication.Middleware.AuthenticationMiddleware|requestId: 80000004-0007-f900-b63f-84710c7967bb, previousRequestId: no previous request id, message: No authentication needed for /api/products 
2022-07-12 17:39:04.3947||INFO|Ocelot.Authorisation.Middleware.AuthorisationMiddleware|requestId: 80000004-0007-f900-b63f-84710c7967bb, previousRequestId: no previous request id, message: /api/products route does not require user to be authorised 
2022-07-12 17:39:04.4357||INFO|Ocelot.Requester.Middleware.HttpRequesterMiddleware|requestId: 80000004-0007-f900-b63f-84710c7967bb, previousRequestId: no previous request id, message: 200 (OK) status code, request uri: https://localhost:44343/api/products 
2022-07-12 17:39:19.5469||INFO|Ocelot.RateLimit.Middleware.ClientRateLimitMiddleware|requestId: 80000051-0004-fd00-b63f-84710c7967bb, previousRequestId: no previous request id, message: EndpointRateLimiting is not enabled for /api/users/LoginGoogle 
2022-07-12 17:39:19.5506||INFO|Ocelot.Authentication.Middleware.AuthenticationMiddleware|requestId: 80000051-0004-fd00-b63f-84710c7967bb, previousRequestId: no previous request id, message: No authentication needed for /api/users/LoginGoogle 
2022-07-12 17:39:19.5506||INFO|Ocelot.Authorisation.Middleware.AuthorisationMiddleware|requestId: 80000051-0004-fd00-b63f-84710c7967bb, previousRequestId: no previous request id, message: /api/users/LoginGoogle route does not require user to be authorised 
2022-07-12 17:39:19.6108||INFO|Ocelot.Requester.Middleware.HttpRequesterMiddleware|requestId: 80000051-0004-fd00-b63f-84710c7967bb, previousRequestId: no previous request id, message: 204 (No Content) status code, request uri: https://localhost:44305/api/users/LoginGoogle 
2022-07-12 17:39:32.3485||INFO|Ocelot.RateLimit.Middleware.ClientRateLimitMiddleware|requestId: 8000002e-0000-fc00-b63f-84710c7967bb, previousRequestId: no previous request id, message: EndpointRateLimiting is not enabled for /api/users/LoginGoogle 
2022-07-12 17:39:32.3485||INFO|Ocelot.RateLimit.Middleware.ClientRateLimitMiddleware|requestId: 8000002f-0005-fc00-b63f-84710c7967bb, previousRequestId: no previous request id, message: EndpointRateLimiting is not enabled for /api/users/LoginGoogle 
2022-07-12 17:39:32.3485||INFO|Ocelot.Authentication.Middleware.AuthenticationMiddleware|requestId: 8000002e-0000-fc00-b63f-84710c7967bb, previousRequestId: no previous request id, message: No authentication needed for /api/users/LoginGoogle 
2022-07-12 17:39:32.3616||INFO|Ocelot.Authentication.Middleware.AuthenticationMiddleware|requestId: 8000002f-0005-fc00-b63f-84710c7967bb, previousRequestId: no previous request id, message: No authentication needed for /api/users/LoginGoogle 
2022-07-12 17:39:32.3616||INFO|Ocelot.Authorisation.Middleware.AuthorisationMiddleware|requestId: 8000002e-0000-fc00-b63f-84710c7967bb, previousRequestId: no previous request id, message: /api/users/LoginGoogle route does not require user to be authorised 
2022-07-12 17:39:32.3616||INFO|Ocelot.Authorisation.Middleware.AuthorisationMiddleware|requestId: 8000002f-0005-fc00-b63f-84710c7967bb, previousRequestId: no previous request id, message: /api/users/LoginGoogle route does not require user to be authorised 
2022-07-12 17:39:32.3920||INFO|Ocelot.Requester.Middleware.HttpRequesterMiddleware|requestId: 8000002f-0005-fc00-b63f-84710c7967bb, previousRequestId: no previous request id, message: 204 (No Content) status code, request uri: https://localhost:44305/api/users/LoginGoogle 
2022-07-12 17:39:32.3920||INFO|Ocelot.Requester.Middleware.HttpRequesterMiddleware|requestId: 8000002e-0000-fc00-b63f-84710c7967bb, previousRequestId: no previous request id, message: 204 (No Content) status code, request uri: https://localhost:44305/api/users/LoginGoogle 
2022-07-12 17:40:19.4892||INFO|Ocelot.RateLimit.Middleware.ClientRateLimitMiddleware|requestId: 8000003f-0006-ff00-b63f-84710c7967bb, previousRequestId: no previous request id, message: EndpointRateLimiting is not enabled for /api/users 
2022-07-12 17:40:19.4892||INFO|Ocelot.Authentication.Middleware.AuthenticationMiddleware|requestId: 8000003f-0006-ff00-b63f-84710c7967bb, previousRequestId: no previous request id, message: No authentication needed for /api/users 
2022-07-12 17:40:19.5030||INFO|Ocelot.Authorisation.Middleware.AuthorisationMiddleware|requestId: 8000003f-0006-ff00-b63f-84710c7967bb, previousRequestId: no previous request id, message: /api/users route does not require user to be authorised 
2022-07-12 17:40:19.5313||INFO|Ocelot.Requester.Middleware.HttpRequesterMiddleware|requestId: 8000003f-0006-ff00-b63f-84710c7967bb, previousRequestId: no previous request id, message: 200 (OK) status code, request uri: https://localhost:44305/api/users 
2022-07-12 17:40:30.2222||INFO|Ocelot.RateLimit.Middleware.ClientRateLimitMiddleware|requestId: 80000042-0002-fd00-b63f-84710c7967bb, previousRequestId: no previous request id, message: EndpointRateLimiting is not enabled for /api/users 
2022-07-12 17:40:30.2222||INFO|Ocelot.Authentication.Middleware.AuthenticationMiddleware|requestId: 80000042-0002-fd00-b63f-84710c7967bb, previousRequestId: no previous request id, message: No authentication needed for /api/users 
2022-07-12 17:40:30.2222||INFO|Ocelot.Authorisation.Middleware.AuthorisationMiddleware|requestId: 80000042-0002-fd00-b63f-84710c7967bb, previousRequestId: no previous request id, message: /api/users route does not require user to be authorised 
2022-07-12 17:40:30.2384||INFO|Ocelot.Requester.Middleware.HttpRequesterMiddleware|requestId: 80000042-0002-fd00-b63f-84710c7967bb, previousRequestId: no previous request id, message: 200 (OK) status code, request uri: https://localhost:44305/api/users 
2022-07-12 17:40:39.0311||INFO|Ocelot.RateLimit.Middleware.ClientRateLimitMiddleware|requestId: 80000057-0004-fd00-b63f-84710c7967bb, previousRequestId: no previous request id, message: EndpointRateLimiting is not enabled for /api/users 
2022-07-12 17:40:39.0335||INFO|Ocelot.Authentication.Middleware.AuthenticationMiddleware|requestId: 80000057-0004-fd00-b63f-84710c7967bb, previousRequestId: no previous request id, message: No authentication needed for /api/users 
2022-07-12 17:40:39.0335||INFO|Ocelot.Authorisation.Middleware.AuthorisationMiddleware|requestId: 80000057-0004-fd00-b63f-84710c7967bb, previousRequestId: no previous request id, message: /api/users route does not require user to be authorised 
2022-07-12 17:40:39.0994||INFO|Ocelot.Requester.Middleware.HttpRequesterMiddleware|requestId: 80000057-0004-fd00-b63f-84710c7967bb, previousRequestId: no previous request id, message: 200 (OK) status code, request uri: https://localhost:44305/api/users 
2022-07-12 17:40:47.1476||INFO|Ocelot.RateLimit.Middleware.ClientRateLimitMiddleware|requestId: 80000044-0002-fd00-b63f-84710c7967bb, previousRequestId: no previous request id, message: EndpointRateLimiting is not enabled for /api/users/login 
2022-07-12 17:40:47.1476||INFO|Ocelot.Authentication.Middleware.AuthenticationMiddleware|requestId: 80000044-0002-fd00-b63f-84710c7967bb, previousRequestId: no previous request id, message: No authentication needed for /api/users/login 
2022-07-12 17:40:47.1476||INFO|Ocelot.Authorisation.Middleware.AuthorisationMiddleware|requestId: 80000044-0002-fd00-b63f-84710c7967bb, previousRequestId: no previous request id, message: /api/users/login route does not require user to be authorised 
2022-07-12 17:40:47.1692||INFO|Ocelot.Requester.Middleware.HttpRequesterMiddleware|requestId: 80000044-0002-fd00-b63f-84710c7967bb, previousRequestId: no previous request id, message: 200 (OK) status code, request uri: https://localhost:44305/api/users/login 
2022-07-12 17:40:54.1482||INFO|Ocelot.RateLimit.Middleware.ClientRateLimitMiddleware|requestId: 80000046-0002-fd00-b63f-84710c7967bb, previousRequestId: no previous request id, message: EndpointRateLimiting is not enabled for /api/users/login 
2022-07-12 17:40:54.1482||INFO|Ocelot.Authentication.Middleware.AuthenticationMiddleware|requestId: 80000046-0002-fd00-b63f-84710c7967bb, previousRequestId: no previous request id, message: No authentication needed for /api/users/login 
2022-07-12 17:40:54.1482||INFO|Ocelot.Authorisation.Middleware.AuthorisationMiddleware|requestId: 80000046-0002-fd00-b63f-84710c7967bb, previousRequestId: no previous request id, message: /api/users/login route does not require user to be authorised 
2022-07-12 17:40:54.1681||INFO|Ocelot.Requester.Middleware.HttpRequesterMiddleware|requestId: 80000046-0002-fd00-b63f-84710c7967bb, previousRequestId: no previous request id, message: 200 (OK) status code, request uri: https://localhost:44305/api/users/login 
2022-07-12 17:40:57.3065||INFO|Ocelot.RateLimit.Middleware.ClientRateLimitMiddleware|requestId: 8000007d-0003-fd00-b63f-84710c7967bb, previousRequestId: no previous request id, message: EndpointRateLimiting is not enabled for /api/users/{id} 
2022-07-12 17:40:57.3065||INFO|Ocelot.Authentication.Middleware.AuthenticationMiddleware|requestId: 8000007d-0003-fd00-b63f-84710c7967bb, previousRequestId: no previous request id, message: No authentication needed for /api/users/Unactivated 
2022-07-12 17:40:57.3142||INFO|Ocelot.Authorisation.Middleware.AuthorisationMiddleware|requestId: 8000007d-0003-fd00-b63f-84710c7967bb, previousRequestId: no previous request id, message: /api/users/{id} route does not require user to be authorised 
2022-07-12 17:40:57.3345||INFO|Ocelot.Requester.Middleware.HttpRequesterMiddleware|requestId: 8000007d-0003-fd00-b63f-84710c7967bb, previousRequestId: no previous request id, message: 200 (OK) status code, request uri: https://localhost:44305/api/users/Unactivated 
2022-07-12 17:40:58.6772||INFO|Ocelot.RateLimit.Middleware.ClientRateLimitMiddleware|requestId: 80000048-0002-fd00-b63f-84710c7967bb, previousRequestId: no previous request id, message: EndpointRateLimiting is not enabled for /api/users/verifyUser 
2022-07-12 17:40:58.6772||INFO|Ocelot.Authentication.Middleware.AuthenticationMiddleware|requestId: 80000048-0002-fd00-b63f-84710c7967bb, previousRequestId: no previous request id, message: No authentication needed for /api/users/verifyUser 
2022-07-12 17:40:58.6772||INFO|Ocelot.Authorisation.Middleware.AuthorisationMiddleware|requestId: 80000048-0002-fd00-b63f-84710c7967bb, previousRequestId: no previous request id, message: /api/users/verifyUser route does not require user to be authorised 
2022-07-12 17:40:59.7177||INFO|Ocelot.Requester.Middleware.HttpRequesterMiddleware|requestId: 80000048-0002-fd00-b63f-84710c7967bb, previousRequestId: no previous request id, message: 200 (OK) status code, request uri: https://localhost:44305/api/users/verifyUser 
2022-07-12 17:41:02.3530||INFO|Ocelot.RateLimit.Middleware.ClientRateLimitMiddleware|requestId: 800001da-0004-fe00-b63f-84710c7967bb, previousRequestId: no previous request id, message: EndpointRateLimiting is not enabled for /api/users/{id} 
2022-07-12 17:41:02.3530||INFO|Ocelot.RateLimit.Middleware.ClientRateLimitMiddleware|requestId: 8000005f-0004-fd00-b63f-84710c7967bb, previousRequestId: no previous request id, message: EndpointRateLimiting is not enabled for /api/users/{id} 
2022-07-12 17:41:02.3530||INFO|Ocelot.Authentication.Middleware.AuthenticationMiddleware|requestId: 800001da-0004-fe00-b63f-84710c7967bb, previousRequestId: no previous request id, message: No authentication needed for /api/users/image 
2022-07-12 17:41:02.3612||INFO|Ocelot.Authentication.Middleware.AuthenticationMiddleware|requestId: 8000005f-0004-fd00-b63f-84710c7967bb, previousRequestId: no previous request id, message: No authentication needed for /api/users/username/admin 
2022-07-12 17:41:02.3612||INFO|Ocelot.Authorisation.Middleware.AuthorisationMiddleware|requestId: 800001da-0004-fe00-b63f-84710c7967bb, previousRequestId: no previous request id, message: /api/users/{id} route does not require user to be authorised 
2022-07-12 17:41:02.3612||INFO|Ocelot.Authorisation.Middleware.AuthorisationMiddleware|requestId: 8000005f-0004-fd00-b63f-84710c7967bb, previousRequestId: no previous request id, message: /api/users/{id} route does not require user to be authorised 
2022-07-12 17:41:02.3846||INFO|Ocelot.Requester.Middleware.HttpRequesterMiddleware|requestId: 8000005f-0004-fd00-b63f-84710c7967bb, previousRequestId: no previous request id, message: 200 (OK) status code, request uri: https://localhost:44305/api/users/username/admin 
2022-07-12 17:41:02.4058||INFO|Ocelot.Requester.Middleware.HttpRequesterMiddleware|requestId: 800001da-0004-fe00-b63f-84710c7967bb, previousRequestId: no previous request id, message: 200 (OK) status code, request uri: https://localhost:44305/api/users/image 
2022-07-12 17:41:03.2108||INFO|Ocelot.RateLimit.Middleware.ClientRateLimitMiddleware|requestId: 8000003c-0000-fc00-b63f-84710c7967bb, previousRequestId: no previous request id, message: EndpointRateLimiting is not enabled for /api/Order 
2022-07-12 17:41:03.2108||INFO|Ocelot.Authentication.Middleware.AuthenticationMiddleware|requestId: 8000003c-0000-fc00-b63f-84710c7967bb, previousRequestId: no previous request id, message: No authentication needed for /api/Order 
2022-07-12 17:41:03.2108||INFO|Ocelot.Authorisation.Middleware.AuthorisationMiddleware|requestId: 8000003c-0000-fc00-b63f-84710c7967bb, previousRequestId: no previous request id, message: /api/Order route does not require user to be authorised 
2022-07-12 17:41:03.2658||INFO|Ocelot.Requester.Middleware.HttpRequesterMiddleware|requestId: 8000003c-0000-fc00-b63f-84710c7967bb, previousRequestId: no previous request id, message: 200 (OK) status code, request uri: https://localhost:44343/api/Order 
2022-07-12 17:41:12.4955||INFO|Ocelot.RateLimit.Middleware.ClientRateLimitMiddleware|requestId: 800001dc-0004-fe00-b63f-84710c7967bb, previousRequestId: no previous request id, message: EndpointRateLimiting is not enabled for /api/users/login 
2022-07-12 17:41:12.4955||INFO|Ocelot.Authentication.Middleware.AuthenticationMiddleware|requestId: 800001dc-0004-fe00-b63f-84710c7967bb, previousRequestId: no previous request id, message: No authentication needed for /api/users/login 
2022-07-12 17:41:12.5031||INFO|Ocelot.Authorisation.Middleware.AuthorisationMiddleware|requestId: 800001dc-0004-fe00-b63f-84710c7967bb, previousRequestId: no previous request id, message: /api/users/login route does not require user to be authorised 
2022-07-12 17:41:12.5228||INFO|Ocelot.Requester.Middleware.HttpRequesterMiddleware|requestId: 800001dc-0004-fe00-b63f-84710c7967bb, previousRequestId: no previous request id, message: 200 (OK) status code, request uri: https://localhost:44305/api/users/login 
2022-07-12 17:41:15.0992||INFO|Ocelot.RateLimit.Middleware.ClientRateLimitMiddleware|requestId: 80000040-0000-fc00-b63f-84710c7967bb, previousRequestId: no previous request id, message: EndpointRateLimiting is not enabled for /api/Order/Undelivered 
2022-07-12 17:41:15.0992||INFO|Ocelot.Authentication.Middleware.AuthenticationMiddleware|requestId: 80000040-0000-fc00-b63f-84710c7967bb, previousRequestId: no previous request id, message: No authentication needed for /api/Order/Undelivered 
2022-07-12 17:41:15.0992||INFO|Ocelot.Authorisation.Middleware.AuthorisationMiddleware|requestId: 80000040-0000-fc00-b63f-84710c7967bb, previousRequestId: no previous request id, message: /api/Order/Undelivered route does not require user to be authorised 
2022-07-12 17:41:15.2038||INFO|Ocelot.Requester.Middleware.HttpRequesterMiddleware|requestId: 80000040-0000-fc00-b63f-84710c7967bb, previousRequestId: no previous request id, message: 200 (OK) status code, request uri: https://localhost:44343/api/Order/Undelivered 
2022-07-12 17:41:15.9604||INFO|Ocelot.RateLimit.Middleware.ClientRateLimitMiddleware|requestId: 80000045-0006-ff00-b63f-84710c7967bb, previousRequestId: no previous request id, message: EndpointRateLimiting is not enabled for /api/Order/historyDeliverer 
2022-07-12 17:41:15.9604||INFO|Ocelot.Authentication.Middleware.AuthenticationMiddleware|requestId: 80000045-0006-ff00-b63f-84710c7967bb, previousRequestId: no previous request id, message: No authentication needed for /api/Order/historyDeliverer 
2022-07-12 17:41:15.9604||INFO|Ocelot.Authorisation.Middleware.AuthorisationMiddleware|requestId: 80000045-0006-ff00-b63f-84710c7967bb, previousRequestId: no previous request id, message: /api/Order/historyDeliverer route does not require user to be authorised 
2022-07-12 17:41:15.9970||INFO|Ocelot.Requester.Middleware.HttpRequesterMiddleware|requestId: 80000045-0006-ff00-b63f-84710c7967bb, previousRequestId: no previous request id, message: 200 (OK) status code, request uri: https://localhost:44343/api/Order/historyDeliverer 
2022-07-12 17:41:16.9264||INFO|Ocelot.RateLimit.Middleware.ClientRateLimitMiddleware|requestId: 80000044-0000-fc00-b63f-84710c7967bb, previousRequestId: no previous request id, message: EndpointRateLimiting is not enabled for /api/Order/currentOrder 
2022-07-12 17:41:16.9264||INFO|Ocelot.Authentication.Middleware.AuthenticationMiddleware|requestId: 80000044-0000-fc00-b63f-84710c7967bb, previousRequestId: no previous request id, message: No authentication needed for /api/Order/currentOrder 
2022-07-12 17:41:16.9264||INFO|Ocelot.Authorisation.Middleware.AuthorisationMiddleware|requestId: 80000044-0000-fc00-b63f-84710c7967bb, previousRequestId: no previous request id, message: /api/Order/currentOrder route does not require user to be authorised 
2022-07-12 17:41:16.9779||INFO|Ocelot.Requester.Middleware.HttpRequesterMiddleware|requestId: 80000044-0000-fc00-b63f-84710c7967bb, previousRequestId: no previous request id, message: 204 (No Content) status code, request uri: https://localhost:44343/api/Order/currentOrder 
2022-07-12 17:41:18.7471||INFO|Ocelot.RateLimit.Middleware.ClientRateLimitMiddleware|requestId: 80000046-0000-fc00-b63f-84710c7967bb, previousRequestId: no previous request id, message: EndpointRateLimiting is not enabled for /api/Order/Undelivered 
2022-07-12 17:41:18.7546||INFO|Ocelot.Authentication.Middleware.AuthenticationMiddleware|requestId: 80000046-0000-fc00-b63f-84710c7967bb, previousRequestId: no previous request id, message: No authentication needed for /api/Order/Undelivered 
2022-07-12 17:41:18.7546||INFO|Ocelot.Authorisation.Middleware.AuthorisationMiddleware|requestId: 80000046-0000-fc00-b63f-84710c7967bb, previousRequestId: no previous request id, message: /api/Order/Undelivered route does not require user to be authorised 
2022-07-12 17:41:18.7730||INFO|Ocelot.Requester.Middleware.HttpRequesterMiddleware|requestId: 80000046-0000-fc00-b63f-84710c7967bb, previousRequestId: no previous request id, message: 200 (OK) status code, request uri: https://localhost:44343/api/Order/Undelivered 
2022-07-12 17:41:19.3744||INFO|Ocelot.RateLimit.Middleware.ClientRateLimitMiddleware|requestId: 80000081-0003-fd00-b63f-84710c7967bb, previousRequestId: no previous request id, message: EndpointRateLimiting is not enabled for /api/users/{id} 
2022-07-12 17:41:19.3784||INFO|Ocelot.RateLimit.Middleware.ClientRateLimitMiddleware|requestId: 800001e4-0004-fe00-b63f-84710c7967bb, previousRequestId: no previous request id, message: EndpointRateLimiting is not enabled for /api/users/{id} 
2022-07-12 17:41:19.3784||INFO|Ocelot.Authentication.Middleware.AuthenticationMiddleware|requestId: 80000081-0003-fd00-b63f-84710c7967bb, previousRequestId: no previous request id, message: No authentication needed for /api/users/image 
2022-07-12 17:41:19.3784||INFO|Ocelot.Authentication.Middleware.AuthenticationMiddleware|requestId: 800001e4-0004-fe00-b63f-84710c7967bb, previousRequestId: no previous request id, message: No authentication needed for /api/users/username/Elena99 
2022-07-12 17:41:19.3784||INFO|Ocelot.Authorisation.Middleware.AuthorisationMiddleware|requestId: 80000081-0003-fd00-b63f-84710c7967bb, previousRequestId: no previous request id, message: /api/users/{id} route does not require user to be authorised 
2022-07-12 17:41:19.3784||INFO|Ocelot.Authorisation.Middleware.AuthorisationMiddleware|requestId: 800001e4-0004-fe00-b63f-84710c7967bb, previousRequestId: no previous request id, message: /api/users/{id} route does not require user to be authorised 
2022-07-12 17:41:19.4153||INFO|Ocelot.Requester.Middleware.HttpRequesterMiddleware|requestId: 800001e4-0004-fe00-b63f-84710c7967bb, previousRequestId: no previous request id, message: 200 (OK) status code, request uri: https://localhost:44305/api/users/username/Elena99 
2022-07-12 17:41:19.4263||WARN|Ocelot.Requester.Middleware.HttpRequesterMiddleware|requestId: 80000081-0003-fd00-b63f-84710c7967bb, previousRequestId: no previous request id, message: 500 (Internal Server Error) status code, request uri: https://localhost:44305/api/users/image 
2022-07-12 17:42:42.8457||INFO|Ocelot.RateLimit.Middleware.ClientRateLimitMiddleware|requestId: 8000004b-0006-ff00-b63f-84710c7967bb, previousRequestId: no previous request id, message: EndpointRateLimiting is not enabled for /api/users 
2022-07-12 17:42:42.8457||INFO|Ocelot.Authentication.Middleware.AuthenticationMiddleware|requestId: 8000004b-0006-ff00-b63f-84710c7967bb, previousRequestId: no previous request id, message: No authentication needed for /api/users 
2022-07-12 17:42:42.8615||INFO|Ocelot.Authorisation.Middleware.AuthorisationMiddleware|requestId: 8000004b-0006-ff00-b63f-84710c7967bb, previousRequestId: no previous request id, message: /api/users route does not require user to be authorised 
2022-07-12 17:42:42.8830||INFO|Ocelot.Requester.Middleware.HttpRequesterMiddleware|requestId: 8000004b-0006-ff00-b63f-84710c7967bb, previousRequestId: no previous request id, message: 200 (OK) status code, request uri: https://localhost:44305/api/users 
2022-07-12 17:42:49.8760||INFO|Ocelot.RateLimit.Middleware.ClientRateLimitMiddleware|requestId: 8000004c-0000-fc00-b63f-84710c7967bb, previousRequestId: no previous request id, message: EndpointRateLimiting is not enabled for /api/users 
2022-07-12 17:42:49.8825||INFO|Ocelot.Authentication.Middleware.AuthenticationMiddleware|requestId: 8000004c-0000-fc00-b63f-84710c7967bb, previousRequestId: no previous request id, message: No authentication needed for /api/users 
2022-07-12 17:42:49.8825||INFO|Ocelot.Authorisation.Middleware.AuthorisationMiddleware|requestId: 8000004c-0000-fc00-b63f-84710c7967bb, previousRequestId: no previous request id, message: /api/users route does not require user to be authorised 
2022-07-12 17:42:49.9162||INFO|Ocelot.Requester.Middleware.HttpRequesterMiddleware|requestId: 8000004c-0000-fc00-b63f-84710c7967bb, previousRequestId: no previous request id, message: 200 (OK) status code, request uri: https://localhost:44305/api/users 
2022-07-12 17:42:58.8155||INFO|Ocelot.RateLimit.Middleware.ClientRateLimitMiddleware|requestId: 800001ea-0004-fe00-b63f-84710c7967bb, previousRequestId: no previous request id, message: EndpointRateLimiting is not enabled for /api/users/login 
2022-07-12 17:42:58.8155||INFO|Ocelot.Authentication.Middleware.AuthenticationMiddleware|requestId: 800001ea-0004-fe00-b63f-84710c7967bb, previousRequestId: no previous request id, message: No authentication needed for /api/users/login 
2022-07-12 17:42:58.8155||INFO|Ocelot.Authorisation.Middleware.AuthorisationMiddleware|requestId: 800001ea-0004-fe00-b63f-84710c7967bb, previousRequestId: no previous request id, message: /api/users/login route does not require user to be authorised 
2022-07-12 17:42:58.8343||INFO|Ocelot.Requester.Middleware.HttpRequesterMiddleware|requestId: 800001ea-0004-fe00-b63f-84710c7967bb, previousRequestId: no previous request id, message: 200 (OK) status code, request uri: https://localhost:44305/api/users/login 
2022-07-12 17:43:18.4974||INFO|Ocelot.RateLimit.Middleware.ClientRateLimitMiddleware|requestId: 800001ec-0004-fe00-b63f-84710c7967bb, previousRequestId: no previous request id, message: EndpointRateLimiting is not enabled for /api/products 
2022-07-12 17:43:18.4974||INFO|Ocelot.Authentication.Middleware.AuthenticationMiddleware|requestId: 800001ec-0004-fe00-b63f-84710c7967bb, previousRequestId: no previous request id, message: No authentication needed for /api/products 
2022-07-12 17:43:18.5130||INFO|Ocelot.Authorisation.Middleware.AuthorisationMiddleware|requestId: 800001ec-0004-fe00-b63f-84710c7967bb, previousRequestId: no previous request id, message: /api/products route does not require user to be authorised 
2022-07-12 17:43:18.5951||INFO|Ocelot.Requester.Middleware.HttpRequesterMiddleware|requestId: 800001ec-0004-fe00-b63f-84710c7967bb, previousRequestId: no previous request id, message: 200 (OK) status code, request uri: https://localhost:44343/api/products 
2022-07-12 17:43:38.4480||INFO|Ocelot.RateLimit.Middleware.ClientRateLimitMiddleware|requestId: 800001ee-0004-fe00-b63f-84710c7967bb, previousRequestId: no previous request id, message: EndpointRateLimiting is not enabled for /api/Order 
2022-07-12 17:43:38.4480||INFO|Ocelot.Authentication.Middleware.AuthenticationMiddleware|requestId: 800001ee-0004-fe00-b63f-84710c7967bb, previousRequestId: no previous request id, message: No authentication needed for /api/Order 
2022-07-12 17:43:38.4600||INFO|Ocelot.Authorisation.Middleware.AuthorisationMiddleware|requestId: 800001ee-0004-fe00-b63f-84710c7967bb, previousRequestId: no previous request id, message: /api/Order route does not require user to be authorised 
2022-07-12 17:43:38.5741||INFO|Ocelot.Requester.Middleware.HttpRequesterMiddleware|requestId: 800001ee-0004-fe00-b63f-84710c7967bb, previousRequestId: no previous request id, message: 200 (OK) status code, request uri: https://localhost:44343/api/Order 
2022-07-12 17:43:40.2400||INFO|Ocelot.RateLimit.Middleware.ClientRateLimitMiddleware|requestId: 800001f2-0004-fe00-b63f-84710c7967bb, previousRequestId: no previous request id, message: EndpointRateLimiting is not enabled for /api/products 
2022-07-12 17:43:40.2400||INFO|Ocelot.Authentication.Middleware.AuthenticationMiddleware|requestId: 800001f2-0004-fe00-b63f-84710c7967bb, previousRequestId: no previous request id, message: No authentication needed for /api/products 
2022-07-12 17:43:40.2400||INFO|Ocelot.Authorisation.Middleware.AuthorisationMiddleware|requestId: 800001f2-0004-fe00-b63f-84710c7967bb, previousRequestId: no previous request id, message: /api/products route does not require user to be authorised 
2022-07-12 17:43:40.2629||INFO|Ocelot.Requester.Middleware.HttpRequesterMiddleware|requestId: 800001f2-0004-fe00-b63f-84710c7967bb, previousRequestId: no previous request id, message: 200 (OK) status code, request uri: https://localhost:44343/api/products 
2022-07-12 17:43:41.1817||INFO|Ocelot.RateLimit.Middleware.ClientRateLimitMiddleware|requestId: 800001f6-0004-fe00-b63f-84710c7967bb, previousRequestId: no previous request id, message: EndpointRateLimiting is not enabled for /api/Order/history 
2022-07-12 17:43:41.1905||INFO|Ocelot.Authentication.Middleware.AuthenticationMiddleware|requestId: 800001f6-0004-fe00-b63f-84710c7967bb, previousRequestId: no previous request id, message: No authentication needed for /api/Order/history 
2022-07-12 17:43:41.1905||INFO|Ocelot.Authorisation.Middleware.AuthorisationMiddleware|requestId: 800001f6-0004-fe00-b63f-84710c7967bb, previousRequestId: no previous request id, message: /api/Order/history route does not require user to be authorised 
2022-07-12 17:43:41.2308||INFO|Ocelot.Requester.Middleware.HttpRequesterMiddleware|requestId: 800001f6-0004-fe00-b63f-84710c7967bb, previousRequestId: no previous request id, message: 200 (OK) status code, request uri: https://localhost:44343/api/Order/history 
2022-07-12 17:43:42.7457||INFO|Ocelot.RateLimit.Middleware.ClientRateLimitMiddleware|requestId: 80000054-0000-fc00-b63f-84710c7967bb, previousRequestId: no previous request id, message: EndpointRateLimiting is not enabled for /api/Order/currentOrder 
2022-07-12 17:43:42.7457||INFO|Ocelot.Authentication.Middleware.AuthenticationMiddleware|requestId: 80000054-0000-fc00-b63f-84710c7967bb, previousRequestId: no previous request id, message: No authentication needed for /api/Order/currentOrder 
2022-07-12 17:43:42.7562||INFO|Ocelot.Authorisation.Middleware.AuthorisationMiddleware|requestId: 80000054-0000-fc00-b63f-84710c7967bb, previousRequestId: no previous request id, message: /api/Order/currentOrder route does not require user to be authorised 
2022-07-12 17:43:42.7834||INFO|Ocelot.Requester.Middleware.HttpRequesterMiddleware|requestId: 80000054-0000-fc00-b63f-84710c7967bb, previousRequestId: no previous request id, message: 204 (No Content) status code, request uri: https://localhost:44343/api/Order/currentOrder 
2022-07-12 17:43:43.8893||INFO|Ocelot.RateLimit.Middleware.ClientRateLimitMiddleware|requestId: 80000056-0000-fc00-b63f-84710c7967bb, previousRequestId: no previous request id, message: EndpointRateLimiting is not enabled for /api/Order/history 
2022-07-12 17:43:43.8945||INFO|Ocelot.Authentication.Middleware.AuthenticationMiddleware|requestId: 80000056-0000-fc00-b63f-84710c7967bb, previousRequestId: no previous request id, message: No authentication needed for /api/Order/history 
2022-07-12 17:43:43.8945||INFO|Ocelot.Authorisation.Middleware.AuthorisationMiddleware|requestId: 80000056-0000-fc00-b63f-84710c7967bb, previousRequestId: no previous request id, message: /api/Order/history route does not require user to be authorised 
2022-07-12 17:43:43.9152||INFO|Ocelot.Requester.Middleware.HttpRequesterMiddleware|requestId: 80000056-0000-fc00-b63f-84710c7967bb, previousRequestId: no previous request id, message: 200 (OK) status code, request uri: https://localhost:44343/api/Order/history 
2022-07-12 17:43:45.3092||INFO|Ocelot.RateLimit.Middleware.ClientRateLimitMiddleware|requestId: 80000058-0000-fc00-b63f-84710c7967bb, previousRequestId: no previous request id, message: EndpointRateLimiting is not enabled for /api/Order/currentOrder 
2022-07-12 17:43:45.3227||INFO|Ocelot.Authentication.Middleware.AuthenticationMiddleware|requestId: 80000058-0000-fc00-b63f-84710c7967bb, previousRequestId: no previous request id, message: No authentication needed for /api/Order/currentOrder 
2022-07-12 17:43:45.3227||INFO|Ocelot.Authorisation.Middleware.AuthorisationMiddleware|requestId: 80000058-0000-fc00-b63f-84710c7967bb, previousRequestId: no previous request id, message: /api/Order/currentOrder route does not require user to be authorised 
2022-07-12 17:43:45.3478||INFO|Ocelot.Requester.Middleware.HttpRequesterMiddleware|requestId: 80000058-0000-fc00-b63f-84710c7967bb, previousRequestId: no previous request id, message: 204 (No Content) status code, request uri: https://localhost:44343/api/Order/currentOrder 
2022-07-12 17:43:47.4602||INFO|Ocelot.RateLimit.Middleware.ClientRateLimitMiddleware|requestId: 80000087-0003-fd00-b63f-84710c7967bb, previousRequestId: no previous request id, message: EndpointRateLimiting is not enabled for /api/Order/history 
2022-07-12 17:43:47.4602||INFO|Ocelot.Authentication.Middleware.AuthenticationMiddleware|requestId: 80000087-0003-fd00-b63f-84710c7967bb, previousRequestId: no previous request id, message: No authentication needed for /api/Order/history 
2022-07-12 17:43:47.4602||INFO|Ocelot.Authorisation.Middleware.AuthorisationMiddleware|requestId: 80000087-0003-fd00-b63f-84710c7967bb, previousRequestId: no previous request id, message: /api/Order/history route does not require user to be authorised 
2022-07-12 17:43:47.4817||INFO|Ocelot.Requester.Middleware.HttpRequesterMiddleware|requestId: 80000087-0003-fd00-b63f-84710c7967bb, previousRequestId: no previous request id, message: 200 (OK) status code, request uri: https://localhost:44343/api/Order/history 
2022-07-12 17:43:48.1762||INFO|Ocelot.RateLimit.Middleware.ClientRateLimitMiddleware|requestId: 8000004f-0006-ff00-b63f-84710c7967bb, previousRequestId: no previous request id, message: EndpointRateLimiting is not enabled for /api/products 
2022-07-12 17:43:48.1762||INFO|Ocelot.Authentication.Middleware.AuthenticationMiddleware|requestId: 8000004f-0006-ff00-b63f-84710c7967bb, previousRequestId: no previous request id, message: No authentication needed for /api/products 
2022-07-12 17:43:48.1762||INFO|Ocelot.Authorisation.Middleware.AuthorisationMiddleware|requestId: 8000004f-0006-ff00-b63f-84710c7967bb, previousRequestId: no previous request id, message: /api/products route does not require user to be authorised 
2022-07-12 17:43:48.1967||INFO|Ocelot.Requester.Middleware.HttpRequesterMiddleware|requestId: 8000004f-0006-ff00-b63f-84710c7967bb, previousRequestId: no previous request id, message: 200 (OK) status code, request uri: https://localhost:44343/api/products 
2022-07-12 17:43:50.4204||INFO|Ocelot.RateLimit.Middleware.ClientRateLimitMiddleware|requestId: 8000006c-0001-ff00-b63f-84710c7967bb, previousRequestId: no previous request id, message: EndpointRateLimiting is not enabled for /api/users/{id} 
2022-07-12 17:43:50.4204||INFO|Ocelot.RateLimit.Middleware.ClientRateLimitMiddleware|requestId: 80000046-0001-fc00-b63f-84710c7967bb, previousRequestId: no previous request id, message: EndpointRateLimiting is not enabled for /api/users/{id} 
2022-07-12 17:43:50.4251||INFO|Ocelot.Authentication.Middleware.AuthenticationMiddleware|requestId: 8000006c-0001-ff00-b63f-84710c7967bb, previousRequestId: no previous request id, message: No authentication needed for /api/users/username/Milica00 
2022-07-12 17:43:50.4251||INFO|Ocelot.Authentication.Middleware.AuthenticationMiddleware|requestId: 80000046-0001-fc00-b63f-84710c7967bb, previousRequestId: no previous request id, message: No authentication needed for /api/users/image 
2022-07-12 17:43:50.4251||INFO|Ocelot.Authorisation.Middleware.AuthorisationMiddleware|requestId: 8000006c-0001-ff00-b63f-84710c7967bb, previousRequestId: no previous request id, message: /api/users/{id} route does not require user to be authorised 
2022-07-12 17:43:50.4251||INFO|Ocelot.Authorisation.Middleware.AuthorisationMiddleware|requestId: 80000046-0001-fc00-b63f-84710c7967bb, previousRequestId: no previous request id, message: /api/users/{id} route does not require user to be authorised 
2022-07-12 17:43:50.4742||INFO|Ocelot.Requester.Middleware.HttpRequesterMiddleware|requestId: 8000006c-0001-ff00-b63f-84710c7967bb, previousRequestId: no previous request id, message: 200 (OK) status code, request uri: https://localhost:44305/api/users/username/Milica00 
2022-07-12 17:43:50.4882||WARN|Ocelot.Requester.Middleware.HttpRequesterMiddleware|requestId: 80000046-0001-fc00-b63f-84710c7967bb, previousRequestId: no previous request id, message: 500 (Internal Server Error) status code, request uri: https://localhost:44305/api/users/image 
2022-07-12 17:43:51.9490||INFO|Ocelot.RateLimit.Middleware.ClientRateLimitMiddleware|requestId: 8000005e-0000-fc00-b63f-84710c7967bb, previousRequestId: no previous request id, message: EndpointRateLimiting is not enabled for /api/products 
2022-07-12 17:43:51.9490||INFO|Ocelot.Authentication.Middleware.AuthenticationMiddleware|requestId: 8000005e-0000-fc00-b63f-84710c7967bb, previousRequestId: no previous request id, message: No authentication needed for /api/products 
2022-07-12 17:43:51.9577||INFO|Ocelot.Authorisation.Middleware.AuthorisationMiddleware|requestId: 8000005e-0000-fc00-b63f-84710c7967bb, previousRequestId: no previous request id, message: /api/products route does not require user to be authorised 
2022-07-12 17:43:51.9739||INFO|Ocelot.Requester.Middleware.HttpRequesterMiddleware|requestId: 8000005e-0000-fc00-b63f-84710c7967bb, previousRequestId: no previous request id, message: 200 (OK) status code, request uri: https://localhost:44343/api/products 
2022-07-12 17:44:02.0005||INFO|Ocelot.RateLimit.Middleware.ClientRateLimitMiddleware|requestId: 80000050-0002-fd00-b63f-84710c7967bb, previousRequestId: no previous request id, message: EndpointRateLimiting is not enabled for /api/users/login 
2022-07-12 17:44:02.0037||INFO|Ocelot.Authentication.Middleware.AuthenticationMiddleware|requestId: 80000050-0002-fd00-b63f-84710c7967bb, previousRequestId: no previous request id, message: No authentication needed for /api/users/login 
2022-07-12 17:44:02.0037||INFO|Ocelot.Authorisation.Middleware.AuthorisationMiddleware|requestId: 80000050-0002-fd00-b63f-84710c7967bb, previousRequestId: no previous request id, message: /api/users/login route does not require user to be authorised 
2022-07-12 17:44:02.0262||INFO|Ocelot.Requester.Middleware.HttpRequesterMiddleware|requestId: 80000050-0002-fd00-b63f-84710c7967bb, previousRequestId: no previous request id, message: 200 (OK) status code, request uri: https://localhost:44305/api/users/login 
2022-07-12 17:44:03.7428||INFO|Ocelot.RateLimit.Middleware.ClientRateLimitMiddleware|requestId: 8000000e-0007-f900-b63f-84710c7967bb, previousRequestId: no previous request id, message: EndpointRateLimiting is not enabled for /api/Order/Undelivered 
2022-07-12 17:44:03.7428||INFO|Ocelot.Authentication.Middleware.AuthenticationMiddleware|requestId: 8000000e-0007-f900-b63f-84710c7967bb, previousRequestId: no previous request id, message: No authentication needed for /api/Order/Undelivered 
2022-07-12 17:44:03.7515||INFO|Ocelot.Authorisation.Middleware.AuthorisationMiddleware|requestId: 8000000e-0007-f900-b63f-84710c7967bb, previousRequestId: no previous request id, message: /api/Order/Undelivered route does not require user to be authorised 
2022-07-12 17:44:03.7866||INFO|Ocelot.Requester.Middleware.HttpRequesterMiddleware|requestId: 8000000e-0007-f900-b63f-84710c7967bb, previousRequestId: no previous request id, message: 200 (OK) status code, request uri: https://localhost:44343/api/Order/Undelivered 
2022-07-12 17:44:03.7866||INFO|Ocelot.RateLimit.Middleware.ClientRateLimitMiddleware|requestId: 80000062-0000-fc00-b63f-84710c7967bb, previousRequestId: no previous request id, message: EndpointRateLimiting is not enabled for /api/users/{id} 
2022-07-12 17:44:03.8015||INFO|Ocelot.Authentication.Middleware.AuthenticationMiddleware|requestId: 80000062-0000-fc00-b63f-84710c7967bb, previousRequestId: no previous request id, message: No authentication needed for /api/users/6 
2022-07-12 17:44:03.8015||INFO|Ocelot.Authorisation.Middleware.AuthorisationMiddleware|requestId: 80000062-0000-fc00-b63f-84710c7967bb, previousRequestId: no previous request id, message: /api/users/{id} route does not require user to be authorised 
2022-07-12 17:44:03.8218||INFO|Ocelot.Requester.Middleware.HttpRequesterMiddleware|requestId: 80000062-0000-fc00-b63f-84710c7967bb, previousRequestId: no previous request id, message: 200 (OK) status code, request uri: https://localhost:44305/api/users/6 
2022-07-12 17:44:05.7747||INFO|Ocelot.RateLimit.Middleware.ClientRateLimitMiddleware|requestId: 80000054-0002-fd00-b63f-84710c7967bb, previousRequestId: no previous request id, message: EndpointRateLimiting is not enabled for /api/Order/TakeOrder 
2022-07-12 17:44:05.7747||INFO|Ocelot.Authentication.Middleware.AuthenticationMiddleware|requestId: 80000054-0002-fd00-b63f-84710c7967bb, previousRequestId: no previous request id, message: No authentication needed for /api/Order/TakeOrder 
2022-07-12 17:44:05.7747||INFO|Ocelot.Authorisation.Middleware.AuthorisationMiddleware|requestId: 80000054-0002-fd00-b63f-84710c7967bb, previousRequestId: no previous request id, message: /api/Order/TakeOrder route does not require user to be authorised 
2022-07-12 17:44:05.8321||INFO|Ocelot.Requester.Middleware.HttpRequesterMiddleware|requestId: 80000054-0002-fd00-b63f-84710c7967bb, previousRequestId: no previous request id, message: 200 (OK) status code, request uri: https://localhost:44343/api/Order/TakeOrder 
2022-07-12 17:44:08.3660||INFO|Ocelot.RateLimit.Middleware.ClientRateLimitMiddleware|requestId: 80000200-0004-fe00-b63f-84710c7967bb, previousRequestId: no previous request id, message: EndpointRateLimiting is not enabled for /api/Order/historyDeliverer 
2022-07-12 17:44:08.3660||INFO|Ocelot.Authentication.Middleware.AuthenticationMiddleware|requestId: 80000200-0004-fe00-b63f-84710c7967bb, previousRequestId: no previous request id, message: No authentication needed for /api/Order/historyDeliverer 
2022-07-12 17:44:08.3660||INFO|Ocelot.Authorisation.Middleware.AuthorisationMiddleware|requestId: 80000200-0004-fe00-b63f-84710c7967bb, previousRequestId: no previous request id, message: /api/Order/historyDeliverer route does not require user to be authorised 
2022-07-12 17:44:08.3993||INFO|Ocelot.Requester.Middleware.HttpRequesterMiddleware|requestId: 80000200-0004-fe00-b63f-84710c7967bb, previousRequestId: no previous request id, message: 200 (OK) status code, request uri: https://localhost:44343/api/Order/historyDeliverer 
2022-07-12 17:44:08.4094||INFO|Ocelot.RateLimit.Middleware.ClientRateLimitMiddleware|requestId: 80000056-0002-fd00-b63f-84710c7967bb, previousRequestId: no previous request id, message: EndpointRateLimiting is not enabled for /api/users/{id} 
2022-07-12 17:44:08.4094||INFO|Ocelot.RateLimit.Middleware.ClientRateLimitMiddleware|requestId: 80000048-0001-fc00-b63f-84710c7967bb, previousRequestId: no previous request id, message: EndpointRateLimiting is not enabled for /api/users/{id} 
2022-07-12 17:44:08.4094||INFO|Ocelot.Authentication.Middleware.AuthenticationMiddleware|requestId: 80000056-0002-fd00-b63f-84710c7967bb, previousRequestId: no previous request id, message: No authentication needed for /api/users/6 
2022-07-12 17:44:08.4094||INFO|Ocelot.Authentication.Middleware.AuthenticationMiddleware|requestId: 80000048-0001-fc00-b63f-84710c7967bb, previousRequestId: no previous request id, message: No authentication needed for /api/users/5 
2022-07-12 17:44:08.4094||INFO|Ocelot.Authorisation.Middleware.AuthorisationMiddleware|requestId: 80000056-0002-fd00-b63f-84710c7967bb, previousRequestId: no previous request id, message: /api/users/{id} route does not require user to be authorised 
2022-07-12 17:44:08.4238||INFO|Ocelot.Authorisation.Middleware.AuthorisationMiddleware|requestId: 80000048-0001-fc00-b63f-84710c7967bb, previousRequestId: no previous request id, message: /api/users/{id} route does not require user to be authorised 
2022-07-12 17:44:08.4436||INFO|Ocelot.Requester.Middleware.HttpRequesterMiddleware|requestId: 80000056-0002-fd00-b63f-84710c7967bb, previousRequestId: no previous request id, message: 200 (OK) status code, request uri: https://localhost:44305/api/users/6 
2022-07-12 17:44:08.4436||INFO|Ocelot.Requester.Middleware.HttpRequesterMiddleware|requestId: 80000048-0001-fc00-b63f-84710c7967bb, previousRequestId: no previous request id, message: 200 (OK) status code, request uri: https://localhost:44305/api/users/5 
2022-07-12 17:44:10.6120||INFO|Ocelot.RateLimit.Middleware.ClientRateLimitMiddleware|requestId: 80000206-0004-fe00-b63f-84710c7967bb, previousRequestId: no previous request id, message: EndpointRateLimiting is not enabled for /api/Order/currentOrder 
2022-07-12 17:44:10.6120||INFO|Ocelot.Authentication.Middleware.AuthenticationMiddleware|requestId: 80000206-0004-fe00-b63f-84710c7967bb, previousRequestId: no previous request id, message: No authentication needed for /api/Order/currentOrder 
2022-07-12 17:44:10.6120||INFO|Ocelot.Authorisation.Middleware.AuthorisationMiddleware|requestId: 80000206-0004-fe00-b63f-84710c7967bb, previousRequestId: no previous request id, message: /api/Order/currentOrder route does not require user to be authorised 
2022-07-12 17:44:10.6391||INFO|Ocelot.Requester.Middleware.HttpRequesterMiddleware|requestId: 80000206-0004-fe00-b63f-84710c7967bb, previousRequestId: no previous request id, message: 200 (OK) status code, request uri: https://localhost:44343/api/Order/currentOrder 
2022-07-12 17:44:10.6505||INFO|Ocelot.RateLimit.Middleware.ClientRateLimitMiddleware|requestId: 80000015-0004-fc00-b63f-84710c7967bb, previousRequestId: no previous request id, message: EndpointRateLimiting is not enabled for /api/users/{id} 
2022-07-12 17:44:10.6505||INFO|Ocelot.Authentication.Middleware.AuthenticationMiddleware|requestId: 80000015-0004-fc00-b63f-84710c7967bb, previousRequestId: no previous request id, message: No authentication needed for /api/users/5 
2022-07-12 17:44:10.6505||INFO|Ocelot.RateLimit.Middleware.ClientRateLimitMiddleware|requestId: 8000003b-0005-fc00-b63f-84710c7967bb, previousRequestId: no previous request id, message: EndpointRateLimiting is not enabled for /api/users/{id} 
2022-07-12 17:44:10.6594||INFO|Ocelot.Authorisation.Middleware.AuthorisationMiddleware|requestId: 80000015-0004-fc00-b63f-84710c7967bb, previousRequestId: no previous request id, message: /api/users/{id} route does not require user to be authorised 
2022-07-12 17:44:10.6594||INFO|Ocelot.Authentication.Middleware.AuthenticationMiddleware|requestId: 8000003b-0005-fc00-b63f-84710c7967bb, previousRequestId: no previous request id, message: No authentication needed for /api/users/6 
2022-07-12 17:44:10.6594||INFO|Ocelot.Authorisation.Middleware.AuthorisationMiddleware|requestId: 8000003b-0005-fc00-b63f-84710c7967bb, previousRequestId: no previous request id, message: /api/users/{id} route does not require user to be authorised 
2022-07-12 17:44:10.6856||INFO|Ocelot.Requester.Middleware.HttpRequesterMiddleware|requestId: 80000015-0004-fc00-b63f-84710c7967bb, previousRequestId: no previous request id, message: 200 (OK) status code, request uri: https://localhost:44305/api/users/5 
2022-07-12 17:44:10.6856||INFO|Ocelot.Requester.Middleware.HttpRequesterMiddleware|requestId: 8000003b-0005-fc00-b63f-84710c7967bb, previousRequestId: no previous request id, message: 200 (OK) status code, request uri: https://localhost:44305/api/users/6 
2022-07-12 17:44:18.9419||INFO|Ocelot.RateLimit.Middleware.ClientRateLimitMiddleware|requestId: 80000066-0000-fc00-b63f-84710c7967bb, previousRequestId: no previous request id, message: EndpointRateLimiting is not enabled for /api/Order/historyDeliverer 
2022-07-12 17:44:18.9419||INFO|Ocelot.Authentication.Middleware.AuthenticationMiddleware|requestId: 80000066-0000-fc00-b63f-84710c7967bb, previousRequestId: no previous request id, message: No authentication needed for /api/Order/historyDeliverer 
2022-07-12 17:44:18.9419||INFO|Ocelot.Authorisation.Middleware.AuthorisationMiddleware|requestId: 80000066-0000-fc00-b63f-84710c7967bb, previousRequestId: no previous request id, message: /api/Order/historyDeliverer route does not require user to be authorised 
2022-07-12 17:44:18.9668||INFO|Ocelot.Requester.Middleware.HttpRequesterMiddleware|requestId: 80000066-0000-fc00-b63f-84710c7967bb, previousRequestId: no previous request id, message: 200 (OK) status code, request uri: https://localhost:44343/api/Order/historyDeliverer 
2022-07-12 17:44:18.9770||INFO|Ocelot.RateLimit.Middleware.ClientRateLimitMiddleware|requestId: 8000005b-0006-ff00-b63f-84710c7967bb, previousRequestId: no previous request id, message: EndpointRateLimiting is not enabled for /api/users/{id} 
2022-07-12 17:44:18.9770||INFO|Ocelot.RateLimit.Middleware.ClientRateLimitMiddleware|requestId: 800000e3-0006-fd00-b63f-84710c7967bb, previousRequestId: no previous request id, message: EndpointRateLimiting is not enabled for /api/users/{id} 
2022-07-12 17:44:18.9770||INFO|Ocelot.Authentication.Middleware.AuthenticationMiddleware|requestId: 8000005b-0006-ff00-b63f-84710c7967bb, previousRequestId: no previous request id, message: No authentication needed for /api/users/5 
2022-07-12 17:44:18.9859||INFO|Ocelot.Authentication.Middleware.AuthenticationMiddleware|requestId: 800000e3-0006-fd00-b63f-84710c7967bb, previousRequestId: no previous request id, message: No authentication needed for /api/users/6 
2022-07-12 17:44:18.9859||INFO|Ocelot.Authorisation.Middleware.AuthorisationMiddleware|requestId: 8000005b-0006-ff00-b63f-84710c7967bb, previousRequestId: no previous request id, message: /api/users/{id} route does not require user to be authorised 
2022-07-12 17:44:18.9859||INFO|Ocelot.Authorisation.Middleware.AuthorisationMiddleware|requestId: 800000e3-0006-fd00-b63f-84710c7967bb, previousRequestId: no previous request id, message: /api/users/{id} route does not require user to be authorised 
2022-07-12 17:44:19.0094||INFO|Ocelot.Requester.Middleware.HttpRequesterMiddleware|requestId: 800000e3-0006-fd00-b63f-84710c7967bb, previousRequestId: no previous request id, message: 200 (OK) status code, request uri: https://localhost:44305/api/users/6 
2022-07-12 17:44:19.0094||INFO|Ocelot.Requester.Middleware.HttpRequesterMiddleware|requestId: 8000005b-0006-ff00-b63f-84710c7967bb, previousRequestId: no previous request id, message: 200 (OK) status code, request uri: https://localhost:44305/api/users/5 
2022-07-12 17:48:39.4199||INFO|Ocelot.RateLimit.Middleware.ClientRateLimitMiddleware|requestId: 80000061-0006-ff00-b63f-84710c7967bb, previousRequestId: no previous request id, message: EndpointRateLimiting is not enabled for /api/users/login 
2022-07-12 17:48:39.4231||INFO|Ocelot.Authentication.Middleware.AuthenticationMiddleware|requestId: 80000061-0006-ff00-b63f-84710c7967bb, previousRequestId: no previous request id, message: No authentication needed for /api/users/login 
2022-07-12 17:48:39.4231||INFO|Ocelot.Authorisation.Middleware.AuthorisationMiddleware|requestId: 80000061-0006-ff00-b63f-84710c7967bb, previousRequestId: no previous request id, message: /api/users/login route does not require user to be authorised 
2022-07-12 17:48:39.4916||INFO|Ocelot.Requester.Middleware.HttpRequesterMiddleware|requestId: 80000061-0006-ff00-b63f-84710c7967bb, previousRequestId: no previous request id, message: 200 (OK) status code, request uri: https://localhost:44305/api/users/login 
2022-07-12 17:48:42.9061||INFO|Ocelot.RateLimit.Middleware.ClientRateLimitMiddleware|requestId: 80000014-0007-f900-b63f-84710c7967bb, previousRequestId: no previous request id, message: EndpointRateLimiting is not enabled for /api/Order 
2022-07-12 17:48:42.9103||INFO|Ocelot.Authentication.Middleware.AuthenticationMiddleware|requestId: 80000014-0007-f900-b63f-84710c7967bb, previousRequestId: no previous request id, message: No authentication needed for /api/Order 
2022-07-12 17:48:42.9103||INFO|Ocelot.Authorisation.Middleware.AuthorisationMiddleware|requestId: 80000014-0007-f900-b63f-84710c7967bb, previousRequestId: no previous request id, message: /api/Order route does not require user to be authorised 
2022-07-12 17:48:42.9495||INFO|Ocelot.Requester.Middleware.HttpRequesterMiddleware|requestId: 80000014-0007-f900-b63f-84710c7967bb, previousRequestId: no previous request id, message: 200 (OK) status code, request uri: https://localhost:44343/api/Order 
2022-07-12 17:48:42.9629||INFO|Ocelot.RateLimit.Middleware.ClientRateLimitMiddleware|requestId: 800000e5-0006-fd00-b63f-84710c7967bb, previousRequestId: no previous request id, message: EndpointRateLimiting is not enabled for /api/users/{id} 
2022-07-12 17:48:42.9629||INFO|Ocelot.RateLimit.Middleware.ClientRateLimitMiddleware|requestId: 80000065-0006-ff00-b63f-84710c7967bb, previousRequestId: no previous request id, message: EndpointRateLimiting is not enabled for /api/users/{id} 
2022-07-12 17:48:42.9629||INFO|Ocelot.Authentication.Middleware.AuthenticationMiddleware|requestId: 800000e5-0006-fd00-b63f-84710c7967bb, previousRequestId: no previous request id, message: No authentication needed for /api/users/5 
2022-07-12 17:48:42.9705||INFO|Ocelot.Authentication.Middleware.AuthenticationMiddleware|requestId: 80000065-0006-ff00-b63f-84710c7967bb, previousRequestId: no previous request id, message: No authentication needed for /api/users/6 
2022-07-12 17:48:42.9705||INFO|Ocelot.Authorisation.Middleware.AuthorisationMiddleware|requestId: 800000e5-0006-fd00-b63f-84710c7967bb, previousRequestId: no previous request id, message: /api/users/{id} route does not require user to be authorised 
2022-07-12 17:48:42.9705||INFO|Ocelot.Authorisation.Middleware.AuthorisationMiddleware|requestId: 80000065-0006-ff00-b63f-84710c7967bb, previousRequestId: no previous request id, message: /api/users/{id} route does not require user to be authorised 
2022-07-12 17:48:42.9972||INFO|Ocelot.Requester.Middleware.HttpRequesterMiddleware|requestId: 800000e5-0006-fd00-b63f-84710c7967bb, previousRequestId: no previous request id, message: 200 (OK) status code, request uri: https://localhost:44305/api/users/5 
2022-07-12 17:48:43.0018||INFO|Ocelot.Requester.Middleware.HttpRequesterMiddleware|requestId: 80000065-0006-ff00-b63f-84710c7967bb, previousRequestId: no previous request id, message: 200 (OK) status code, request uri: https://localhost:44305/api/users/6 
2022-07-12 17:48:46.4264||INFO|Ocelot.RateLimit.Middleware.ClientRateLimitMiddleware|requestId: 80000067-0006-ff00-b63f-84710c7967bb, previousRequestId: no previous request id, message: EndpointRateLimiting is not enabled for /api/users/{id} 
2022-07-12 17:48:46.4264||INFO|Ocelot.Authentication.Middleware.AuthenticationMiddleware|requestId: 80000067-0006-ff00-b63f-84710c7967bb, previousRequestId: no previous request id, message: No authentication needed for /api/users/Unactivated 
2022-07-12 17:48:46.4264||INFO|Ocelot.Authorisation.Middleware.AuthorisationMiddleware|requestId: 80000067-0006-ff00-b63f-84710c7967bb, previousRequestId: no previous request id, message: /api/users/{id} route does not require user to be authorised 
2022-07-12 17:48:46.4506||INFO|Ocelot.Requester.Middleware.HttpRequesterMiddleware|requestId: 80000067-0006-ff00-b63f-84710c7967bb, previousRequestId: no previous request id, message: 200 (OK) status code, request uri: https://localhost:44305/api/users/Unactivated 
2022-07-12 17:48:47.1245||INFO|Ocelot.RateLimit.Middleware.ClientRateLimitMiddleware|requestId: 8000005e-0002-fd00-b63f-84710c7967bb, previousRequestId: no previous request id, message: EndpointRateLimiting is not enabled for /api/Order 
2022-07-12 17:48:47.1301||INFO|Ocelot.Authentication.Middleware.AuthenticationMiddleware|requestId: 8000005e-0002-fd00-b63f-84710c7967bb, previousRequestId: no previous request id, message: No authentication needed for /api/Order 
2022-07-12 17:48:47.1301||INFO|Ocelot.Authorisation.Middleware.AuthorisationMiddleware|requestId: 8000005e-0002-fd00-b63f-84710c7967bb, previousRequestId: no previous request id, message: /api/Order route does not require user to be authorised 
2022-07-12 17:48:47.1522||INFO|Ocelot.Requester.Middleware.HttpRequesterMiddleware|requestId: 8000005e-0002-fd00-b63f-84710c7967bb, previousRequestId: no previous request id, message: 200 (OK) status code, request uri: https://localhost:44343/api/Order 
2022-07-12 17:48:47.1629||INFO|Ocelot.RateLimit.Middleware.ClientRateLimitMiddleware|requestId: 8000001a-0007-f900-b63f-84710c7967bb, previousRequestId: no previous request id, message: EndpointRateLimiting is not enabled for /api/users/{id} 
2022-07-12 17:48:47.1629||INFO|Ocelot.RateLimit.Middleware.ClientRateLimitMiddleware|requestId: 80000093-0003-fd00-b63f-84710c7967bb, previousRequestId: no previous request id, message: EndpointRateLimiting is not enabled for /api/users/{id} 
2022-07-12 17:48:47.1629||INFO|Ocelot.Authentication.Middleware.AuthenticationMiddleware|requestId: 8000001a-0007-f900-b63f-84710c7967bb, previousRequestId: no previous request id, message: No authentication needed for /api/users/5 
2022-07-12 17:48:47.1734||INFO|Ocelot.Authentication.Middleware.AuthenticationMiddleware|requestId: 80000093-0003-fd00-b63f-84710c7967bb, previousRequestId: no previous request id, message: No authentication needed for /api/users/6 
2022-07-12 17:48:47.1734||INFO|Ocelot.Authorisation.Middleware.AuthorisationMiddleware|requestId: 8000001a-0007-f900-b63f-84710c7967bb, previousRequestId: no previous request id, message: /api/users/{id} route does not require user to be authorised 
2022-07-12 17:48:47.1734||INFO|Ocelot.Authorisation.Middleware.AuthorisationMiddleware|requestId: 80000093-0003-fd00-b63f-84710c7967bb, previousRequestId: no previous request id, message: /api/users/{id} route does not require user to be authorised 
2022-07-12 17:48:47.1973||INFO|Ocelot.Requester.Middleware.HttpRequesterMiddleware|requestId: 8000001a-0007-f900-b63f-84710c7967bb, previousRequestId: no previous request id, message: 200 (OK) status code, request uri: https://localhost:44305/api/users/5 
2022-07-12 17:48:47.1973||INFO|Ocelot.Requester.Middleware.HttpRequesterMiddleware|requestId: 80000093-0003-fd00-b63f-84710c7967bb, previousRequestId: no previous request id, message: 200 (OK) status code, request uri: https://localhost:44305/api/users/6 
